TN:
SF:/Users/sth1pal/Documents/Development/JavaScript/nodejs/ts6/dev/hsLibs/standalone/hsDatab/src/Data.ts
FN:98,(anonymous_0)
FN:90,(anonymous_1)
FN:93,(anonymous_2)
FN:94,(anonymous_3)
FN:105,(anonymous_4)
FN:113,(anonymous_5)
FN:121,(anonymous_6)
FN:131,(anonymous_7)
FN:139,(anonymous_8)
FN:141,(anonymous_9)
FN:150,(anonymous_10)
FN:173,(anonymous_11)
FN:180,(anonymous_12)
FN:192,(anonymous_13)
FN:207,(anonymous_14)
FN:218,(anonymous_15)
FN:219,(anonymous_16)
FN:228,(anonymous_17)
FN:240,(anonymous_18)
FN:250,(anonymous_19)
FN:256,(anonymous_20)
FN:267,(anonymous_21)
FN:281,(anonymous_22)
FN:282,(anonymous_23)
FN:285,(anonymous_24)
FN:298,(anonymous_25)
FN:328,(anonymous_26)
FN:334,(anonymous_27)
FN:335,(anonymous_28)
FN:336,(anonymous_29)
FN:383,(anonymous_30)
FN:384,(anonymous_31)
FN:385,(anonymous_32)
FN:387,(anonymous_33)
FN:389,getFn
FN:403,(anonymous_35)
FN:423,(anonymous_36)
FN:439,(anonymous_37)
FN:442,(anonymous_38)
FN:443,(anonymous_39)
FN:454,(anonymous_40)
FN:457,(anonymous_41)
FN:466,(anonymous_42)
FN:486,(anonymous_43)
FN:517,(anonymous_44)
FN:535,(anonymous_45)
FN:558,(anonymous_46)
FNF:47
FNH:47
FNDA:121,(anonymous_0)
FNDA:1,(anonymous_1)
FNDA:1,(anonymous_2)
FNDA:4,(anonymous_3)
FNDA:73,(anonymous_4)
FNDA:121,(anonymous_5)
FNDA:1,(anonymous_6)
FNDA:94,(anonymous_7)
FNDA:14,(anonymous_8)
FNDA:56,(anonymous_9)
FNDA:781,(anonymous_10)
FNDA:3,(anonymous_11)
FNDA:8,(anonymous_12)
FNDA:1086,(anonymous_13)
FNDA:4,(anonymous_14)
FNDA:78,(anonymous_15)
FNDA:481,(anonymous_16)
FNDA:18,(anonymous_17)
FNDA:12,(anonymous_18)
FNDA:8,(anonymous_19)
FNDA:20,(anonymous_20)
FNDA:16,(anonymous_21)
FNDA:121,(anonymous_22)
FNDA:778,(anonymous_23)
FNDA:2242,(anonymous_24)
FNDA:69,(anonymous_25)
FNDA:6,(anonymous_26)
FNDA:10,(anonymous_27)
FNDA:10,(anonymous_28)
FNDA:25,(anonymous_29)
FNDA:4,(anonymous_30)
FNDA:4,(anonymous_31)
FNDA:1,(anonymous_32)
FNDA:4,(anonymous_33)
FNDA:4,getFn
FNDA:16,(anonymous_35)
FNDA:2670,(anonymous_36)
FNDA:121,(anonymous_37)
FNDA:778,(anonymous_38)
FNDA:778,(anonymous_39)
FNDA:778,(anonymous_40)
FNDA:3890,(anonymous_41)
FNDA:3579,(anonymous_42)
FNDA:2242,(anonymous_43)
FNDA:778,(anonymous_44)
FNDA:1219,(anonymous_45)
FNDA:2242,(anonymous_46)
DA:5,2
DA:66,2
DA:70,2
DA:91,1
DA:92,1
DA:93,1
DA:94,4
DA:95,1
DA:99,121
DA:106,73
DA:114,121
DA:115,121
DA:122,1
DA:132,94
DA:140,14
DA:141,56
DA:151,781
DA:152,781
DA:153,780
DA:154,780
DA:155,780
DA:156,780
DA:157,780
DA:158,780
DA:160,781
DA:174,3
DA:175,3
DA:176,3
DA:177,2
DA:178,1
DA:180,2
DA:181,8
DA:183,2
DA:193,1086
DA:194,1086
DA:196,1080
DA:197,1080
DA:208,4
DA:209,4
DA:210,3
DA:211,3
DA:219,481
DA:229,18
DA:230,18
DA:241,12
DA:242,12
DA:243,1
DA:244,1
DA:246,11
DA:247,11
DA:248,11
DA:250,2
DA:251,8
DA:252,8
DA:254,2
DA:256,5
DA:257,20
DA:258,20
DA:259,20
DA:260,20
DA:261,20
DA:262,17
DA:265,5
DA:267,4
DA:268,16
DA:269,16
DA:270,16
DA:271,16
DA:272,16
DA:273,14
DA:278,12
DA:282,121
DA:283,778
DA:284,778
DA:285,2242
DA:287,778
DA:299,69
DA:329,6
DA:330,6
DA:331,1
DA:333,5
DA:334,10
DA:335,10
DA:336,25
DA:338,6
DA:384,4
DA:385,4
DA:386,1
DA:387,4
DA:391,4
DA:392,1
DA:393,1
DA:394,2
DA:396,4
DA:399,4
DA:400,4
DA:401,4
DA:404,16
DA:405,12
DA:407,4
DA:409,16
DA:413,4
DA:419,121
DA:420,121
DA:425,2670
DA:426,1880
DA:427,1880
DA:440,121
DA:441,121
DA:442,778
DA:443,778
DA:444,121
DA:455,778
DA:456,778
DA:457,778
DA:458,3890
DA:459,3890
DA:460,3890
DA:462,778
DA:463,2242
DA:464,2242
DA:466,778
DA:467,3579
DA:468,3579
DA:469,3438
DA:471,778
DA:472,778
DA:487,2242
DA:488,2038
DA:489,1748
DA:492,1383
DA:493,1383
DA:494,1144
DA:495,956
DA:496,815
DA:504,431
DA:505,47
DA:506,47
DA:507,337
DA:510,298
DA:518,778
DA:519,778
DA:520,2242
DA:537,1219
DA:539,1199
DA:540,1199
DA:541,768
DA:542,768
DA:543,674
DA:544,674
DA:548,1219
DA:559,2242
DA:560,2242
DA:561,674
DA:562,384
DA:563,384
DA:564,384
DA:565,188
DA:566,188
DA:567,188
DA:569,0
DA:571,188
DA:572,188
DA:574,188
DA:576,1043
DA:577,1043
DA:578,1043
DA:579,337
DA:581,1952
LF:169
LH:168
BRDA:91,0,0,1
BRDA:91,0,1,0
BRDA:95,1,0,1
BRDA:95,1,1,1
BRDA:152,2,0,780
BRDA:152,2,1,1
BRDA:176,3,0,2
BRDA:176,3,1,1
BRDA:177,4,0,1
BRDA:177,4,1,1
BRDA:181,5,0,4
BRDA:181,5,1,4
BRDA:194,6,0,6
BRDA:194,6,1,1080
BRDA:209,7,0,1
BRDA:209,7,1,3
BRDA:230,8,0,17
BRDA:230,8,1,1
BRDA:241,9,0,11
BRDA:241,9,1,1
BRDA:242,10,0,1
BRDA:242,10,1,11
BRDA:249,11,0,2
BRDA:249,11,1,5
BRDA:249,11,2,4
BRDA:252,12,0,8
BRDA:252,12,1,0
BRDA:258,13,0,5
BRDA:258,13,1,15
BRDA:259,14,0,5
BRDA:259,14,1,15
BRDA:260,15,0,20
BRDA:260,15,1,0
BRDA:260,16,0,20
BRDA:260,16,1,20
BRDA:261,17,0,3
BRDA:261,17,1,17
BRDA:262,18,0,8
BRDA:262,18,1,9
BRDA:269,19,0,3
BRDA:269,19,1,13
BRDA:270,20,0,3
BRDA:270,20,1,13
BRDA:271,21,0,16
BRDA:271,21,1,0
BRDA:271,22,0,16
BRDA:271,22,1,16
BRDA:272,23,0,2
BRDA:272,23,1,14
BRDA:273,24,0,5
BRDA:273,24,1,9
BRDA:284,25,0,778
BRDA:284,25,1,0
BRDA:330,26,0,1
BRDA:330,26,1,5
BRDA:334,27,0,2
BRDA:334,27,1,3
BRDA:334,28,0,7
BRDA:334,28,1,3
BRDA:334,29,0,2
BRDA:334,29,1,1
BRDA:335,30,0,2
BRDA:335,30,1,3
BRDA:335,31,0,5
BRDA:335,31,1,5
BRDA:335,32,0,4
BRDA:335,32,1,1
BRDA:392,33,0,1
BRDA:392,33,1,1
BRDA:392,33,2,2
BRDA:400,34,0,3
BRDA:400,34,1,1
BRDA:404,35,0,12
BRDA:404,35,1,4
BRDA:425,36,0,790
BRDA:425,36,1,1880
BRDA:439,37,0,121
BRDA:464,38,0,1944
BRDA:464,38,1,298
BRDA:467,39,0,0
BRDA:467,39,1,3579
BRDA:467,40,0,3579
BRDA:467,40,1,731
BRDA:468,41,0,141
BRDA:468,41,1,3438
BRDA:468,42,0,3579
BRDA:468,42,1,872
BRDA:487,43,0,2038
BRDA:487,43,1,204
BRDA:487,44,0,2242
BRDA:487,44,1,2038
BRDA:488,45,0,290
BRDA:488,45,1,1748
BRDA:489,46,0,365
BRDA:489,46,1,1383
BRDA:493,47,0,239
BRDA:493,47,1,1144
BRDA:494,48,0,188
BRDA:494,48,1,956
BRDA:494,49,0,1144
BRDA:494,49,1,188
BRDA:495,50,0,141
BRDA:495,50,1,815
BRDA:495,51,0,956
BRDA:495,51,1,141
BRDA:496,52,0,384
BRDA:496,52,1,431
BRDA:505,53,0,47
BRDA:505,53,1,47
BRDA:505,53,2,337
BRDA:507,54,0,337
BRDA:507,54,1,0
BRDA:535,55,0,1219
BRDA:537,56,0,20
BRDA:537,56,1,1199
BRDA:540,57,0,768
BRDA:540,57,1,431
BRDA:542,58,0,674
BRDA:542,58,1,94
BRDA:544,59,0,674
BRDA:544,59,1,0
BRDA:561,60,0,674
BRDA:561,60,1,188
BRDA:561,60,2,188
BRDA:561,60,3,1043
BRDA:561,60,4,337
BRDA:561,61,0,290
BRDA:561,61,1,384
BRDA:563,62,0,0
BRDA:563,62,1,384
BRDA:565,63,0,188
BRDA:565,63,1,0
BRDA:567,64,0,141
BRDA:567,64,1,47
BRDA:571,65,0,0
BRDA:571,65,1,188
BRDA:574,66,0,188
BRDA:574,66,1,0
BRDA:576,67,0,521
BRDA:576,67,1,522
BRDA:577,68,0,188
BRDA:577,68,1,855
BRF:142
BRH:130
end_of_record
TN:
SF:/Users/sth1pal/Documents/Development/JavaScript/nodejs/ts6/dev/hsLibs/standalone/hsDatab/src/DataFilters.ts
FN:154,resolveTerminalCondition
FN:167,(anonymous_1)
FN:180,resolveCondition
FN:200,(anonymous_3)
FN:201,(anonymous_4)
FN:235,filter
FN:236,(anonymous_6)
FN:241,(anonymous_7)
FNF:8
FNH:8
FNDA:271,resolveTerminalCondition
FNDA:336,(anonymous_1)
FNDA:350,resolveCondition
FNDA:10,(anonymous_3)
FNDA:28,(anonymous_4)
FNDA:69,filter
FNDA:271,(anonymous_6)
FNDA:276,(anonymous_7)
DA:124,2
DA:155,271
DA:156,271
DA:157,271
DA:158,271
DA:159,4
DA:160,4
DA:161,4
DA:162,267
DA:164,4
DA:165,263
DA:167,336
DA:169,71
DA:181,350
DA:182,350
DA:184,350
DA:187,346
DA:190,335
DA:192,331
DA:195,331
DA:196,28
DA:197,28
DA:199,24
DA:200,10
DA:201,28
DA:205,303
DA:206,303
DA:207,307
DA:208,307
DA:211,307
DA:212,8
DA:213,16
DA:214,12
DA:215,271
DA:217,307
DA:218,173
DA:222,4
DA:223,4
DA:225,303
DA:235,2
DA:236,271
DA:237,69
DA:238,69
DA:242,276
DA:243,276
DA:247,0
DA:248,0
LF:47
LH:45
BRDA:157,0,0,271
BRDA:157,0,1,192
BRDA:158,1,0,4
BRDA:158,1,1,267
BRDA:162,2,0,4
BRDA:162,2,1,263
BRDA:165,3,0,192
BRDA:165,3,1,71
BRDA:167,4,0,192
BRDA:167,4,1,192
BRDA:184,5,0,4
BRDA:184,5,1,346
BRDA:187,6,0,11
BRDA:187,6,1,335
BRDA:190,7,0,331
BRDA:190,7,1,4
BRDA:195,8,0,28
BRDA:195,8,1,303
BRDA:196,9,0,16
BRDA:196,9,1,12
BRDA:197,10,0,4
BRDA:197,10,1,24
BRDA:200,11,0,8
BRDA:200,11,1,16
BRDA:205,12,0,260
BRDA:205,12,1,43
BRDA:212,13,0,8
BRDA:212,13,1,16
BRDA:212,13,2,12
BRDA:212,13,3,271
BRDA:217,14,0,134
BRDA:217,14,1,173
BRDA:217,15,0,8
BRDA:217,15,1,126
BRDA:218,16,0,153
BRDA:218,16,1,20
BRDA:225,17,0,278
BRDA:225,17,1,25
BRF:38
BRH:38
end_of_record
TN:
SF:/Users/sth1pal/Documents/Development/JavaScript/nodejs/ts6/dev/hsLibs/standalone/hsDatab/src/index.ts
FNF:0
FNH:0
DA:1,1
DA:7,1
LF:2
LH:2
BRF:0
BRH:0
end_of_record
