{"/Users/sth1pal/Documents/Development/JavaScript/nodejs/ts6/dev/hsLibs/standalone/hsDatab/src/Data.ts": {"path":"/Users/sth1pal/Documents/Development/JavaScript/nodejs/ts6/dev/hsLibs/standalone/hsDatab/src/Data.ts","statementMap":{"0":{"start":{"line":5,"column":0},"end":{"line":5,"column":49}},"1":{"start":{"line":418,"column":12},"end":{"line":418,"column":36}},"2":{"start":{"line":419,"column":12},"end":{"line":419,"column":36}},"3":{"start":{"line":98,"column":8},"end":{"line":98,"column":26}},"4":{"start":{"line":90,"column":8},"end":{"line":90,"column":28}},"5":{"start":{"line":91,"column":22},"end":{"line":91,"column":42}},"6":{"start":{"line":92,"column":21},"end":{"line":93,"column":42}},"7":{"start":{"line":93,"column":12},"end":{"line":93,"column":41}},"8":{"start":{"line":93,"column":36},"end":{"line":93,"column":40}},"9":{"start":{"line":94,"column":8},"end":{"line":94,"column":67}},"10":{"start":{"line":105,"column":8},"end":{"line":105,"column":25}},"11":{"start":{"line":113,"column":8},"end":{"line":113,"column":30}},"12":{"start":{"line":114,"column":8},"end":{"line":114,"column":47}},"13":{"start":{"line":121,"column":8},"end":{"line":124,"column":10}},"14":{"start":{"line":131,"column":8},"end":{"line":131,"column":25}},"15":{"start":{"line":139,"column":19},"end":{"line":139,"column":38}},"16":{"start":{"line":140,"column":8},"end":{"line":140,"column":55}},"17":{"start":{"line":140,"column":46},"end":{"line":140,"column":53}},"18":{"start":{"line":150,"column":16},"end":{"line":150,"column":33}},"19":{"start":{"line":151,"column":8},"end":{"line":158,"column":9}},"20":{"start":{"line":152,"column":12},"end":{"line":152,"column":48}},"21":{"start":{"line":153,"column":12},"end":{"line":153,"column":27}},"22":{"start":{"line":154,"column":12},"end":{"line":154,"column":40}},"23":{"start":{"line":155,"column":12},"end":{"line":155,"column":30}},"24":{"start":{"line":156,"column":12},"end":{"line":156,"column":31}},"25":{"start":{"line":157,"column":12},"end":{"line":157,"column":31}},"26":{"start":{"line":159,"column":8},"end":{"line":159,"column":17}},"27":{"start":{"line":173,"column":19},"end":{"line":173,"column":52}},"28":{"start":{"line":174,"column":28},"end":{"line":174,"column":45}},"29":{"start":{"line":175,"column":8},"end":{"line":178,"column":9}},"30":{"start":{"line":176,"column":12},"end":{"line":177,"column":77}},"31":{"start":{"line":176,"column":43},"end":{"line":176,"column":65}},"32":{"start":{"line":177,"column":19},"end":{"line":177,"column":75}},"33":{"start":{"line":179,"column":8},"end":{"line":181,"column":10}},"34":{"start":{"line":180,"column":12},"end":{"line":180,"column":108}},"35":{"start":{"line":182,"column":8},"end":{"line":182,"column":25}},"36":{"start":{"line":192,"column":18},"end":{"line":192,"column":35}},"37":{"start":{"line":193,"column":8},"end":{"line":197,"column":9}},"38":{"start":{"line":193,"column":18},"end":{"line":193,"column":35}},"39":{"start":{"line":195,"column":12},"end":{"line":195,"column":30}},"40":{"start":{"line":196,"column":12},"end":{"line":196,"column":28}},"41":{"start":{"line":207,"column":16},"end":{"line":207,"column":33}},"42":{"start":{"line":208,"column":8},"end":{"line":208,"column":37}},"43":{"start":{"line":208,"column":18},"end":{"line":208,"column":35}},"44":{"start":{"line":209,"column":8},"end":{"line":209,"column":26}},"45":{"start":{"line":210,"column":8},"end":{"line":210,"column":22}},"46":{"start":{"line":218,"column":8},"end":{"line":218,"column":55}},"47":{"start":{"line":218,"column":47},"end":{"line":218,"column":53}},"48":{"start":{"line":228,"column":21},"end":{"line":228,"column":38}},"49":{"start":{"line":229,"column":8},"end":{"line":229,"column":57}},"50":{"start":{"line":240,"column":8},"end":{"line":240,"column":56}},"51":{"start":{"line":240,"column":34},"end":{"line":240,"column":54}},"52":{"start":{"line":241,"column":8},"end":{"line":276,"column":9}},"53":{"start":{"line":242,"column":12},"end":{"line":242,"column":26}},"54":{"start":{"line":243,"column":12},"end":{"line":243,"column":43}},"55":{"start":{"line":245,"column":22},"end":{"line":245,"column":41}},"56":{"start":{"line":246,"column":25},"end":{"line":246,"column":42}},"57":{"start":{"line":247,"column":12},"end":{"line":275,"column":13}},"58":{"start":{"line":249,"column":20},"end":{"line":252,"column":23}},"59":{"start":{"line":250,"column":49},"end":{"line":250,"column":55}},"60":{"start":{"line":251,"column":24},"end":{"line":251,"column":82}},"61":{"start":{"line":251,"column":59},"end":{"line":251,"column":80}},"62":{"start":{"line":253,"column":20},"end":{"line":253,"column":26}},"63":{"start":{"line":255,"column":20},"end":{"line":263,"column":23}},"64":{"start":{"line":256,"column":37},"end":{"line":256,"column":54}},"65":{"start":{"line":257,"column":24},"end":{"line":257,"column":69}},"66":{"start":{"line":257,"column":53},"end":{"line":257,"column":67}},"67":{"start":{"line":258,"column":24},"end":{"line":258,"column":69}},"68":{"start":{"line":258,"column":53},"end":{"line":258,"column":67}},"69":{"start":{"line":259,"column":24},"end":{"line":262,"column":25}},"70":{"start":{"line":260,"column":28},"end":{"line":261,"column":68}},"71":{"start":{"line":260,"column":47},"end":{"line":260,"column":61}},"72":{"start":{"line":261,"column":33},"end":{"line":261,"column":68}},"73":{"start":{"line":261,"column":52},"end":{"line":261,"column":66}},"74":{"start":{"line":264,"column":20},"end":{"line":264,"column":26}},"75":{"start":{"line":266,"column":20},"end":{"line":274,"column":23}},"76":{"start":{"line":267,"column":39},"end":{"line":267,"column":66}},"77":{"start":{"line":268,"column":24},"end":{"line":268,"column":69}},"78":{"start":{"line":268,"column":53},"end":{"line":268,"column":67}},"79":{"start":{"line":269,"column":24},"end":{"line":269,"column":69}},"80":{"start":{"line":269,"column":53},"end":{"line":269,"column":67}},"81":{"start":{"line":270,"column":24},"end":{"line":273,"column":25}},"82":{"start":{"line":271,"column":28},"end":{"line":272,"column":68}},"83":{"start":{"line":271,"column":47},"end":{"line":271,"column":61}},"84":{"start":{"line":272,"column":33},"end":{"line":272,"column":68}},"85":{"start":{"line":272,"column":52},"end":{"line":272,"column":66}},"86":{"start":{"line":277,"column":8},"end":{"line":277,"column":22}},"87":{"start":{"line":281,"column":8},"end":{"line":287,"column":11}},"88":{"start":{"line":282,"column":24},"end":{"line":282,"column":32}},"89":{"start":{"line":283,"column":12},"end":{"line":285,"column":13}},"90":{"start":{"line":284,"column":16},"end":{"line":284,"column":103}},"91":{"start":{"line":284,"column":51},"end":{"line":284,"column":101}},"92":{"start":{"line":286,"column":12},"end":{"line":286,"column":26}},"93":{"start":{"line":298,"column":8},"end":{"line":298,"column":39}},"94":{"start":{"line":328,"column":25},"end":{"line":328,"column":31}},"95":{"start":{"line":329,"column":8},"end":{"line":336,"column":9}},"96":{"start":{"line":330,"column":12},"end":{"line":330,"column":31}},"97":{"start":{"line":332,"column":12},"end":{"line":332,"column":38}},"98":{"start":{"line":333,"column":12},"end":{"line":333,"column":90}},"99":{"start":{"line":333,"column":43},"end":{"line":333,"column":88}},"100":{"start":{"line":333,"column":67},"end":{"line":333,"column":87}},"101":{"start":{"line":334,"column":12},"end":{"line":334,"column":90}},"102":{"start":{"line":334,"column":43},"end":{"line":334,"column":88}},"103":{"start":{"line":334,"column":67},"end":{"line":334,"column":87}},"104":{"start":{"line":335,"column":12},"end":{"line":335,"column":73}},"105":{"start":{"line":335,"column":51},"end":{"line":335,"column":71}},"106":{"start":{"line":337,"column":8},"end":{"line":337,"column":20}},"107":{"start":{"line":383,"column":21},"end":{"line":383,"column":37}},"108":{"start":{"line":383,"column":34},"end":{"line":383,"column":37}},"109":{"start":{"line":384,"column":25},"end":{"line":387,"column":9}},"110":{"start":{"line":385,"column":20},"end":{"line":385,"column":21}},"111":{"start":{"line":386,"column":12},"end":{"line":386,"column":74}},"112":{"start":{"line":386,"column":47},"end":{"line":386,"column":59}},"113":{"start":{"line":386,"column":60},"end":{"line":386,"column":71}},"114":{"start":{"line":390,"column":12},"end":{"line":394,"column":13}},"115":{"start":{"line":391,"column":33},"end":{"line":391,"column":49}},"116":{"start":{"line":391,"column":50},"end":{"line":391,"column":56}},"117":{"start":{"line":392,"column":33},"end":{"line":392,"column":43}},"118":{"start":{"line":392,"column":44},"end":{"line":392,"column":50}},"119":{"start":{"line":393,"column":33},"end":{"line":393,"column":60}},"120":{"start":{"line":395,"column":12},"end":{"line":395,"column":22}},"121":{"start":{"line":398,"column":17},"end":{"line":398,"column":24}},"122":{"start":{"line":399,"column":18},"end":{"line":399,"column":54}},"123":{"start":{"line":400,"column":21},"end":{"line":411,"column":10}},"124":{"start":{"line":403,"column":16},"end":{"line":407,"column":17}},"125":{"start":{"line":404,"column":20},"end":{"line":404,"column":68}},"126":{"start":{"line":406,"column":20},"end":{"line":406,"column":73}},"127":{"start":{"line":408,"column":16},"end":{"line":408,"column":27}},"128":{"start":{"line":412,"column":8},"end":{"line":412,"column":22}},"129":{"start":{"line":424,"column":8},"end":{"line":424,"column":50}},"130":{"start":{"line":424,"column":31},"end":{"line":424,"column":48}},"131":{"start":{"line":425,"column":8},"end":{"line":425,"column":39}},"132":{"start":{"line":426,"column":8},"end":{"line":426,"column":30}},"133":{"start":{"line":439,"column":8},"end":{"line":439,"column":23}},"134":{"start":{"line":440,"column":8},"end":{"line":440,"column":25}},"135":{"start":{"line":441,"column":8},"end":{"line":441,"column":56}},"136":{"start":{"line":441,"column":38},"end":{"line":441,"column":54}},"137":{"start":{"line":442,"column":8},"end":{"line":442,"column":59}},"138":{"start":{"line":442,"column":38},"end":{"line":442,"column":57}},"139":{"start":{"line":443,"column":8},"end":{"line":443,"column":24}},"140":{"start":{"line":454,"column":18},"end":{"line":454,"column":35}},"141":{"start":{"line":455,"column":35},"end":{"line":455,"column":37}},"142":{"start":{"line":456,"column":8},"end":{"line":460,"column":11}},"143":{"start":{"line":457,"column":23},"end":{"line":457,"column":55}},"144":{"start":{"line":458,"column":12},"end":{"line":458,"column":27}},"145":{"start":{"line":459,"column":12},"end":{"line":459,"column":37}},"146":{"start":{"line":461,"column":8},"end":{"line":464,"column":9}},"147":{"start":{"line":462,"column":22},"end":{"line":462,"column":38}},"148":{"start":{"line":463,"column":12},"end":{"line":463,"column":49}},"149":{"start":{"line":463,"column":30},"end":{"line":463,"column":47}},"150":{"start":{"line":465,"column":8},"end":{"line":469,"column":11}},"151":{"start":{"line":466,"column":12},"end":{"line":466,"column":62}},"152":{"start":{"line":466,"column":50},"end":{"line":466,"column":60}},"153":{"start":{"line":467,"column":12},"end":{"line":467,"column":61}},"154":{"start":{"line":467,"column":50},"end":{"line":467,"column":59}},"155":{"start":{"line":468,"column":12},"end":{"line":468,"column":37}},"156":{"start":{"line":470,"column":8},"end":{"line":470,"column":24}},"157":{"start":{"line":471,"column":8},"end":{"line":471,"column":29}},"158":{"start":{"line":486,"column":8},"end":{"line":508,"column":9}},"159":{"start":{"line":487,"column":12},"end":{"line":487,"column":63}},"160":{"start":{"line":487,"column":39},"end":{"line":487,"column":61}},"161":{"start":{"line":488,"column":12},"end":{"line":488,"column":69}},"162":{"start":{"line":488,"column":43},"end":{"line":488,"column":67}},"163":{"start":{"line":491,"column":27},"end":{"line":491,"column":33}},"164":{"start":{"line":492,"column":12},"end":{"line":492,"column":107}},"165":{"start":{"line":492,"column":81},"end":{"line":492,"column":105}},"166":{"start":{"line":493,"column":12},"end":{"line":493,"column":109}},"167":{"start":{"line":493,"column":81},"end":{"line":493,"column":107}},"168":{"start":{"line":494,"column":12},"end":{"line":494,"column":108}},"169":{"start":{"line":494,"column":81},"end":{"line":494,"column":106}},"170":{"start":{"line":495,"column":12},"end":{"line":495,"column":104}},"171":{"start":{"line":495,"column":80},"end":{"line":495,"column":102}},"172":{"start":{"line":503,"column":12},"end":{"line":507,"column":13}},"173":{"start":{"line":504,"column":29},"end":{"line":504,"column":35}},"174":{"start":{"line":505,"column":30},"end":{"line":505,"column":36}},"175":{"start":{"line":506,"column":25},"end":{"line":506,"column":69}},"176":{"start":{"line":506,"column":45},"end":{"line":506,"column":67}},"177":{"start":{"line":509,"column":8},"end":{"line":509,"column":20}},"178":{"start":{"line":517,"column":18},"end":{"line":517,"column":40}},"179":{"start":{"line":518,"column":8},"end":{"line":520,"column":9}},"180":{"start":{"line":519,"column":12},"end":{"line":519,"column":34}},"181":{"start":{"line":536,"column":8},"end":{"line":546,"column":9}},"182":{"start":{"line":536,"column":35},"end":{"line":536,"column":49}},"183":{"start":{"line":538,"column":12},"end":{"line":538,"column":38}},"184":{"start":{"line":539,"column":12},"end":{"line":545,"column":13}},"185":{"start":{"line":540,"column":26},"end":{"line":540,"column":75}},"186":{"start":{"line":541,"column":16},"end":{"line":544,"column":17}},"187":{"start":{"line":542,"column":31},"end":{"line":542,"column":59}},"188":{"start":{"line":543,"column":20},"end":{"line":543,"column":66}},"189":{"start":{"line":547,"column":8},"end":{"line":547,"column":17}},"190":{"start":{"line":558,"column":29},"end":{"line":558,"column":32}},"191":{"start":{"line":559,"column":8},"end":{"line":579,"column":9}},"192":{"start":{"line":560,"column":36},"end":{"line":560,"column":76}},"193":{"start":{"line":560,"column":63},"end":{"line":560,"column":74}},"194":{"start":{"line":561,"column":28},"end":{"line":561,"column":54}},"195":{"start":{"line":562,"column":28},"end":{"line":562,"column":75}},"196":{"start":{"line":562,"column":59},"end":{"line":562,"column":73}},"197":{"start":{"line":563,"column":28},"end":{"line":563,"column":34}},"198":{"start":{"line":564,"column":36},"end":{"line":569,"column":29}},"199":{"start":{"line":565,"column":44},"end":{"line":565,"column":59}},"200":{"start":{"line":566,"column":32},"end":{"line":566,"column":84}},"201":{"start":{"line":568,"column":32},"end":{"line":568,"column":45}},"202":{"start":{"line":570,"column":28},"end":{"line":570,"column":73}},"203":{"start":{"line":570,"column":57},"end":{"line":570,"column":71}},"204":{"start":{"line":571,"column":28},"end":{"line":571,"column":34}},"205":{"start":{"line":573,"column":28},"end":{"line":573,"column":104}},"206":{"start":{"line":575,"column":36},"end":{"line":575,"column":100}},"207":{"start":{"line":575,"column":70},"end":{"line":575,"column":98}},"208":{"start":{"line":576,"column":28},"end":{"line":576,"column":73}},"209":{"start":{"line":576,"column":57},"end":{"line":576,"column":71}},"210":{"start":{"line":577,"column":28},"end":{"line":577,"column":34}},"211":{"start":{"line":578,"column":28},"end":{"line":578,"column":44}},"212":{"start":{"line":580,"column":8},"end":{"line":580,"column":22}},"213":{"start":{"line":69,"column":18},"end":{"line":81,"column":6}},"214":{"start":{"line":65,"column":0},"end":{"line":582,"column":1}}},"fnMap":{"0":{"name":"(anonymous_0)","decl":{"start":{"line":97,"column":4},"end":{"line":97,"column":15}},"loc":{"start":{"line":97,"column":29},"end":{"line":99,"column":5}}},"1":{"name":"(anonymous_1)","decl":{"start":{"line":89,"column":11},"end":{"line":89,"column":16}},"loc":{"start":{"line":89,"column":61},"end":{"line":95,"column":5}}},"2":{"name":"(anonymous_2)","decl":{"start":{"line":92,"column":30},"end":{"line":92,"column":31}},"loc":{"start":{"line":93,"column":12},"end":{"line":93,"column":41}}},"3":{"name":"(anonymous_3)","decl":{"start":{"line":93,"column":22},"end":{"line":93,"column":23}},"loc":{"start":{"line":93,"column":36},"end":{"line":93,"column":40}}},"4":{"name":"(anonymous_4)","decl":{"start":{"line":104,"column":11},"end":{"line":104,"column":17}},"loc":{"start":{"line":104,"column":18},"end":{"line":106,"column":5}}},"5":{"name":"(anonymous_5)","decl":{"start":{"line":112,"column":11},"end":{"line":112,"column":16}},"loc":{"start":{"line":112,"column":30},"end":{"line":115,"column":5}}},"6":{"name":"(anonymous_6)","decl":{"start":{"line":120,"column":11},"end":{"line":120,"column":16}},"loc":{"start":{"line":120,"column":17},"end":{"line":125,"column":5}}},"7":{"name":"(anonymous_7)","decl":{"start":{"line":130,"column":11},"end":{"line":130,"column":17}},"loc":{"start":{"line":130,"column":18},"end":{"line":132,"column":5}}},"8":{"name":"(anonymous_8)","decl":{"start":{"line":138,"column":11},"end":{"line":138,"column":19}},"loc":{"start":{"line":138,"column":40},"end":{"line":141,"column":5}}},"9":{"name":"(anonymous_9)","decl":{"start":{"line":140,"column":29},"end":{"line":140,"column":30}},"loc":{"start":{"line":140,"column":46},"end":{"line":140,"column":53}}},"10":{"name":"(anonymous_10)","decl":{"start":{"line":149,"column":11},"end":{"line":149,"column":16}},"loc":{"start":{"line":149,"column":28},"end":{"line":160,"column":5}}},"11":{"name":"(anonymous_11)","decl":{"start":{"line":172,"column":11},"end":{"line":172,"column":23}},"loc":{"start":{"line":172,"column":72},"end":{"line":183,"column":5}}},"12":{"name":"(anonymous_12)","decl":{"start":{"line":179,"column":22},"end":{"line":179,"column":23}},"loc":{"start":{"line":180,"column":12},"end":{"line":180,"column":108}}},"13":{"name":"(anonymous_13)","decl":{"start":{"line":191,"column":11},"end":{"line":191,"column":19}},"loc":{"start":{"line":191,"column":40},"end":{"line":198,"column":5}}},"14":{"name":"(anonymous_14)","decl":{"start":{"line":206,"column":11},"end":{"line":206,"column":17}},"loc":{"start":{"line":206,"column":38},"end":{"line":211,"column":5}}},"15":{"name":"(anonymous_15)","decl":{"start":{"line":217,"column":11},"end":{"line":217,"column":18}},"loc":{"start":{"line":217,"column":19},"end":{"line":219,"column":5}}},"16":{"name":"(anonymous_16)","decl":{"start":{"line":218,"column":29},"end":{"line":218,"column":30}},"loc":{"start":{"line":218,"column":47},"end":{"line":218,"column":53}}},"17":{"name":"(anonymous_17)","decl":{"start":{"line":227,"column":11},"end":{"line":227,"column":17}},"loc":{"start":{"line":227,"column":38},"end":{"line":230,"column":5}}},"18":{"name":"(anonymous_18)","decl":{"start":{"line":239,"column":11},"end":{"line":239,"column":20}},"loc":{"start":{"line":239,"column":58},"end":{"line":278,"column":5}}},"19":{"name":"(anonymous_19)","decl":{"start":{"line":249,"column":38},"end":{"line":249,"column":39}},"loc":{"start":{"line":249,"column":52},"end":{"line":252,"column":21}}},"20":{"name":"(anonymous_20)","decl":{"start":{"line":255,"column":38},"end":{"line":255,"column":39}},"loc":{"start":{"line":255,"column":52},"end":{"line":263,"column":21}}},"21":{"name":"(anonymous_21)","decl":{"start":{"line":266,"column":38},"end":{"line":266,"column":39}},"loc":{"start":{"line":266,"column":52},"end":{"line":274,"column":21}}},"22":{"name":"(anonymous_22)","decl":{"start":{"line":280,"column":11},"end":{"line":280,"column":18}},"loc":{"start":{"line":280,"column":19},"end":{"line":288,"column":5}}},"23":{"name":"(anonymous_23)","decl":{"start":{"line":281,"column":26},"end":{"line":281,"column":27}},"loc":{"start":{"line":281,"column":43},"end":{"line":287,"column":9}}},"24":{"name":"(anonymous_24)","decl":{"start":{"line":284,"column":34},"end":{"line":284,"column":35}},"loc":{"start":{"line":284,"column":51},"end":{"line":284,"column":101}}},"25":{"name":"(anonymous_25)","decl":{"start":{"line":297,"column":11},"end":{"line":297,"column":16}},"loc":{"start":{"line":297,"column":37},"end":{"line":299,"column":5}}},"26":{"name":"(anonymous_26)","decl":{"start":{"line":327,"column":11},"end":{"line":327,"column":14}},"loc":{"start":{"line":327,"column":58},"end":{"line":338,"column":5}}},"27":{"name":"(anonymous_27)","decl":{"start":{"line":333,"column":48},"end":{"line":333,"column":49}},"loc":{"start":{"line":333,"column":67},"end":{"line":333,"column":87}}},"28":{"name":"(anonymous_28)","decl":{"start":{"line":334,"column":48},"end":{"line":334,"column":49}},"loc":{"start":{"line":334,"column":67},"end":{"line":334,"column":87}}},"29":{"name":"(anonymous_29)","decl":{"start":{"line":335,"column":27},"end":{"line":335,"column":28}},"loc":{"start":{"line":335,"column":51},"end":{"line":335,"column":71}}},"30":{"name":"(anonymous_30)","decl":{"start":{"line":382,"column":11},"end":{"line":382,"column":13}},"loc":{"start":{"line":382,"column":64},"end":{"line":413,"column":5}}},"31":{"name":"(anonymous_31)","decl":{"start":{"line":383,"column":21},"end":{"line":383,"column":22}},"loc":{"start":{"line":383,"column":34},"end":{"line":383,"column":37}}},"32":{"name":"(anonymous_32)","decl":{"start":{"line":384,"column":25},"end":{"line":384,"column":27}},"loc":{"start":{"line":384,"column":30},"end":{"line":387,"column":9}}},"33":{"name":"(anonymous_33)","decl":{"start":{"line":386,"column":19},"end":{"line":386,"column":20}},"loc":{"start":{"line":386,"column":44},"end":{"line":386,"column":73}}},"34":{"name":"getFn","decl":{"start":{"line":388,"column":17},"end":{"line":388,"column":22}},"loc":{"start":{"line":388,"column":22},"end":{"line":396,"column":9}}},"35":{"name":"(anonymous_35)","decl":{"start":{"line":402,"column":31},"end":{"line":402,"column":32}},"loc":{"start":{"line":402,"column":76},"end":{"line":409,"column":13}}},"36":{"name":"(anonymous_36)","decl":{"start":{"line":422,"column":12},"end":{"line":422,"column":18}},"loc":{"start":{"line":422,"column":39},"end":{"line":427,"column":5}}},"37":{"name":"(anonymous_37)","decl":{"start":{"line":438,"column":12},"end":{"line":438,"column":18}},"loc":{"start":{"line":438,"column":65},"end":{"line":444,"column":5}}},"38":{"name":"(anonymous_38)","decl":{"start":{"line":441,"column":22},"end":{"line":441,"column":23}},"loc":{"start":{"line":441,"column":38},"end":{"line":441,"column":54}}},"39":{"name":"(anonymous_39)","decl":{"start":{"line":442,"column":22},"end":{"line":442,"column":23}},"loc":{"start":{"line":442,"column":38},"end":{"line":442,"column":57}}},"40":{"name":"(anonymous_40)","decl":{"start":{"line":453,"column":12},"end":{"line":453,"column":20}},"loc":{"start":{"line":453,"column":41},"end":{"line":472,"column":5}}},"41":{"name":"(anonymous_41)","decl":{"start":{"line":456,"column":39},"end":{"line":456,"column":40}},"loc":{"start":{"line":456,"column":52},"end":{"line":460,"column":9}}},"42":{"name":"(anonymous_42)","decl":{"start":{"line":465,"column":19},"end":{"line":465,"column":27}},"loc":{"start":{"line":465,"column":54},"end":{"line":469,"column":9}}},"43":{"name":"(anonymous_43)","decl":{"start":{"line":485,"column":12},"end":{"line":485,"column":19}},"loc":{"start":{"line":485,"column":32},"end":{"line":510,"column":5}}},"44":{"name":"(anonymous_44)","decl":{"start":{"line":516,"column":12},"end":{"line":516,"column":14}},"loc":{"start":{"line":516,"column":44},"end":{"line":521,"column":5}}},"45":{"name":"(anonymous_45)","decl":{"start":{"line":534,"column":12},"end":{"line":534,"column":17}},"loc":{"start":{"line":534,"column":46},"end":{"line":548,"column":5}}},"46":{"name":"(anonymous_46)","decl":{"start":{"line":557,"column":12},"end":{"line":557,"column":18}},"loc":{"start":{"line":557,"column":44},"end":{"line":581,"column":6}}}},"branchMap":{"0":{"loc":{"start":{"line":90,"column":15},"end":{"line":90,"column":19}},"type":"binary-expr","locations":[{"start":{"line":90,"column":15},"end":{"line":90,"column":19}},{"start":{"line":90,"column":23},"end":{"line":90,"column":27}}]},"1":{"loc":{"start":{"line":94,"column":49},"end":{"line":94,"column":53}},"type":"binary-expr","locations":[{"start":{"line":94,"column":49},"end":{"line":94,"column":53}},{"start":{"line":94,"column":55},"end":{"line":94,"column":64}}]},"2":{"loc":{"start":{"line":151,"column":8},"end":{"line":158,"column":9}},"type":"if","locations":[{"start":{"line":151,"column":8},"end":{"line":158,"column":9}},{"start":{"line":151,"column":8},"end":{"line":158,"column":9}}]},"3":{"loc":{"start":{"line":175,"column":8},"end":{"line":178,"column":9}},"type":"if","locations":[{"start":{"line":175,"column":8},"end":{"line":178,"column":9}},{"start":{"line":175,"column":8},"end":{"line":178,"column":9}}]},"4":{"loc":{"start":{"line":176,"column":12},"end":{"line":177,"column":77}},"type":"if","locations":[{"start":{"line":176,"column":12},"end":{"line":177,"column":77}},{"start":{"line":176,"column":12},"end":{"line":177,"column":77}}]},"5":{"loc":{"start":{"line":180,"column":42},"end":{"line":180,"column":85}},"type":"cond-expr","locations":[{"start":{"line":180,"column":42},"end":{"line":180,"column":85}},{"start":{"line":180,"column":97},"end":{"line":180,"column":108}}]},"6":{"loc":{"start":{"line":193,"column":8},"end":{"line":197,"column":9}},"type":"if","locations":[{"start":{"line":193,"column":8},"end":{"line":197,"column":9}},{"start":{"line":193,"column":8},"end":{"line":197,"column":9}}]},"7":{"loc":{"start":{"line":208,"column":8},"end":{"line":208,"column":37}},"type":"if","locations":[{"start":{"line":208,"column":8},"end":{"line":208,"column":37}},{"start":{"line":208,"column":8},"end":{"line":208,"column":37}}]},"8":{"loc":{"start":{"line":229,"column":21},"end":{"line":229,"column":39}},"type":"cond-expr","locations":[{"start":{"line":229,"column":21},"end":{"line":229,"column":39}},{"start":{"line":229,"column":42},"end":{"line":229,"column":56}}]},"9":{"loc":{"start":{"line":240,"column":8},"end":{"line":240,"column":56}},"type":"if","locations":[{"start":{"line":240,"column":8},"end":{"line":240,"column":56}},{"start":{"line":240,"column":8},"end":{"line":240,"column":56}}]},"10":{"loc":{"start":{"line":241,"column":8},"end":{"line":276,"column":9}},"type":"if","locations":[{"start":{"line":241,"column":8},"end":{"line":276,"column":9}},{"start":{"line":241,"column":8},"end":{"line":276,"column":9}}]},"11":{"loc":{"start":{"line":248,"column":16},"end":{"line":253,"column":26}},"type":"switch","locations":[{"start":{"line":248,"column":16},"end":{"line":253,"column":26}},{"start":{"line":254,"column":16},"end":{"line":264,"column":26}},{"start":{"line":265,"column":16},"end":{"line":274,"column":23}}]},"12":{"loc":{"start":{"line":251,"column":24},"end":{"line":251,"column":82}},"type":"if","locations":[{"start":{"line":251,"column":24},"end":{"line":251,"column":82}},{"start":{"line":251,"column":24},"end":{"line":251,"column":82}}]},"13":{"loc":{"start":{"line":257,"column":24},"end":{"line":257,"column":69}},"type":"if","locations":[{"start":{"line":257,"column":24},"end":{"line":257,"column":69}},{"start":{"line":257,"column":24},"end":{"line":257,"column":69}}]},"14":{"loc":{"start":{"line":258,"column":24},"end":{"line":258,"column":69}},"type":"if","locations":[{"start":{"line":258,"column":24},"end":{"line":258,"column":69}},{"start":{"line":258,"column":24},"end":{"line":258,"column":69}}]},"15":{"loc":{"start":{"line":259,"column":24},"end":{"line":262,"column":25}},"type":"if","locations":[{"start":{"line":259,"column":24},"end":{"line":262,"column":25}},{"start":{"line":259,"column":24},"end":{"line":262,"column":25}}]},"16":{"loc":{"start":{"line":259,"column":28},"end":{"line":259,"column":41}},"type":"binary-expr","locations":[{"start":{"line":259,"column":28},"end":{"line":259,"column":41}},{"start":{"line":259,"column":45},"end":{"line":259,"column":53}}]},"17":{"loc":{"start":{"line":260,"column":28},"end":{"line":261,"column":68}},"type":"if","locations":[{"start":{"line":260,"column":28},"end":{"line":261,"column":68}},{"start":{"line":260,"column":28},"end":{"line":261,"column":68}}]},"18":{"loc":{"start":{"line":261,"column":33},"end":{"line":261,"column":68}},"type":"if","locations":[{"start":{"line":261,"column":33},"end":{"line":261,"column":68}},{"start":{"line":261,"column":33},"end":{"line":261,"column":68}}]},"19":{"loc":{"start":{"line":268,"column":24},"end":{"line":268,"column":69}},"type":"if","locations":[{"start":{"line":268,"column":24},"end":{"line":268,"column":69}},{"start":{"line":268,"column":24},"end":{"line":268,"column":69}}]},"20":{"loc":{"start":{"line":269,"column":24},"end":{"line":269,"column":69}},"type":"if","locations":[{"start":{"line":269,"column":24},"end":{"line":269,"column":69}},{"start":{"line":269,"column":24},"end":{"line":269,"column":69}}]},"21":{"loc":{"start":{"line":270,"column":24},"end":{"line":273,"column":25}},"type":"if","locations":[{"start":{"line":270,"column":24},"end":{"line":273,"column":25}},{"start":{"line":270,"column":24},"end":{"line":273,"column":25}}]},"22":{"loc":{"start":{"line":270,"column":28},"end":{"line":270,"column":41}},"type":"binary-expr","locations":[{"start":{"line":270,"column":28},"end":{"line":270,"column":41}},{"start":{"line":270,"column":45},"end":{"line":270,"column":53}}]},"23":{"loc":{"start":{"line":271,"column":28},"end":{"line":272,"column":68}},"type":"if","locations":[{"start":{"line":271,"column":28},"end":{"line":272,"column":68}},{"start":{"line":271,"column":28},"end":{"line":272,"column":68}}]},"24":{"loc":{"start":{"line":272,"column":33},"end":{"line":272,"column":68}},"type":"if","locations":[{"start":{"line":272,"column":33},"end":{"line":272,"column":68}},{"start":{"line":272,"column":33},"end":{"line":272,"column":68}}]},"25":{"loc":{"start":{"line":283,"column":12},"end":{"line":285,"column":13}},"type":"if","locations":[{"start":{"line":283,"column":12},"end":{"line":285,"column":13}},{"start":{"line":283,"column":12},"end":{"line":285,"column":13}}]},"26":{"loc":{"start":{"line":329,"column":8},"end":{"line":336,"column":9}},"type":"if","locations":[{"start":{"line":329,"column":8},"end":{"line":336,"column":9}},{"start":{"line":329,"column":8},"end":{"line":336,"column":9}}]},"27":{"loc":{"start":{"line":333,"column":12},"end":{"line":333,"column":90}},"type":"if","locations":[{"start":{"line":333,"column":12},"end":{"line":333,"column":90}},{"start":{"line":333,"column":12},"end":{"line":333,"column":90}}]},"28":{"loc":{"start":{"line":333,"column":73},"end":{"line":333,"column":74}},"type":"cond-expr","locations":[{"start":{"line":333,"column":73},"end":{"line":333,"column":74}},{"start":{"line":333,"column":76},"end":{"line":333,"column":86}}]},"29":{"loc":{"start":{"line":333,"column":82},"end":{"line":333,"column":84}},"type":"cond-expr","locations":[{"start":{"line":333,"column":82},"end":{"line":333,"column":84}},{"start":{"line":333,"column":85},"end":{"line":333,"column":86}}]},"30":{"loc":{"start":{"line":334,"column":12},"end":{"line":334,"column":90}},"type":"if","locations":[{"start":{"line":334,"column":12},"end":{"line":334,"column":90}},{"start":{"line":334,"column":12},"end":{"line":334,"column":90}}]},"31":{"loc":{"start":{"line":334,"column":73},"end":{"line":334,"column":74}},"type":"cond-expr","locations":[{"start":{"line":334,"column":73},"end":{"line":334,"column":74}},{"start":{"line":334,"column":76},"end":{"line":334,"column":86}}]},"32":{"loc":{"start":{"line":334,"column":82},"end":{"line":334,"column":84}},"type":"cond-expr","locations":[{"start":{"line":334,"column":82},"end":{"line":334,"column":84}},{"start":{"line":334,"column":85},"end":{"line":334,"column":86}}]},"33":{"loc":{"start":{"line":391,"column":16},"end":{"line":391,"column":56}},"type":"switch","locations":[{"start":{"line":391,"column":16},"end":{"line":391,"column":56}},{"start":{"line":392,"column":16},"end":{"line":392,"column":50}},{"start":{"line":393,"column":16},"end":{"line":393,"column":60}}]},"34":{"loc":{"start":{"line":399,"column":23},"end":{"line":399,"column":42}},"type":"cond-expr","locations":[{"start":{"line":399,"column":23},"end":{"line":399,"column":42}},{"start":{"line":399,"column":45},"end":{"line":399,"column":54}}]},"35":{"loc":{"start":{"line":403,"column":16},"end":{"line":407,"column":17}},"type":"if","locations":[{"start":{"line":403,"column":16},"end":{"line":407,"column":17}},{"start":{"line":403,"column":16},"end":{"line":407,"column":17}}]},"36":{"loc":{"start":{"line":424,"column":8},"end":{"line":424,"column":50}},"type":"if","locations":[{"start":{"line":424,"column":8},"end":{"line":424,"column":50}},{"start":{"line":424,"column":8},"end":{"line":424,"column":50}}]},"37":{"loc":{"start":{"line":438,"column":61},"end":{"line":438,"column":65}},"type":"default-arg","locations":[{"start":{"line":438,"column":61},"end":{"line":438,"column":65}}]},"38":{"loc":{"start":{"line":463,"column":12},"end":{"line":463,"column":49}},"type":"if","locations":[{"start":{"line":463,"column":12},"end":{"line":463,"column":49}},{"start":{"line":463,"column":12},"end":{"line":463,"column":49}}]},"39":{"loc":{"start":{"line":466,"column":12},"end":{"line":466,"column":62}},"type":"if","locations":[{"start":{"line":466,"column":12},"end":{"line":466,"column":62}},{"start":{"line":466,"column":12},"end":{"line":466,"column":62}}]},"40":{"loc":{"start":{"line":466,"column":16},"end":{"line":466,"column":35}},"type":"binary-expr","locations":[{"start":{"line":466,"column":16},"end":{"line":466,"column":35}},{"start":{"line":466,"column":37},"end":{"line":466,"column":46}}]},"41":{"loc":{"start":{"line":467,"column":12},"end":{"line":467,"column":61}},"type":"if","locations":[{"start":{"line":467,"column":12},"end":{"line":467,"column":61}},{"start":{"line":467,"column":12},"end":{"line":467,"column":61}}]},"42":{"loc":{"start":{"line":467,"column":16},"end":{"line":467,"column":35}},"type":"binary-expr","locations":[{"start":{"line":467,"column":16},"end":{"line":467,"column":35}},{"start":{"line":467,"column":37},"end":{"line":467,"column":46}}]},"43":{"loc":{"start":{"line":486,"column":8},"end":{"line":508,"column":9}},"type":"if","locations":[{"start":{"line":486,"column":8},"end":{"line":508,"column":9}},{"start":{"line":486,"column":8},"end":{"line":508,"column":9}}]},"44":{"loc":{"start":{"line":486,"column":12},"end":{"line":486,"column":15}},"type":"binary-expr","locations":[{"start":{"line":486,"column":12},"end":{"line":486,"column":15}},{"start":{"line":486,"column":19},"end":{"line":486,"column":27}}]},"45":{"loc":{"start":{"line":487,"column":12},"end":{"line":487,"column":63}},"type":"if","locations":[{"start":{"line":487,"column":12},"end":{"line":487,"column":63}},{"start":{"line":487,"column":12},"end":{"line":487,"column":63}}]},"46":{"loc":{"start":{"line":488,"column":12},"end":{"line":488,"column":69}},"type":"if","locations":[{"start":{"line":488,"column":12},"end":{"line":488,"column":69}},{"start":{"line":488,"column":12},"end":{"line":488,"column":69}}]},"47":{"loc":{"start":{"line":492,"column":12},"end":{"line":492,"column":107}},"type":"if","locations":[{"start":{"line":492,"column":12},"end":{"line":492,"column":107}},{"start":{"line":492,"column":12},"end":{"line":492,"column":107}}]},"48":{"loc":{"start":{"line":493,"column":12},"end":{"line":493,"column":109}},"type":"if","locations":[{"start":{"line":493,"column":12},"end":{"line":493,"column":109}},{"start":{"line":493,"column":12},"end":{"line":493,"column":109}}]},"49":{"loc":{"start":{"line":493,"column":16},"end":{"line":493,"column":38}},"type":"binary-expr","locations":[{"start":{"line":493,"column":16},"end":{"line":493,"column":38}},{"start":{"line":493,"column":42},"end":{"line":493,"column":77}}]},"50":{"loc":{"start":{"line":494,"column":12},"end":{"line":494,"column":108}},"type":"if","locations":[{"start":{"line":494,"column":12},"end":{"line":494,"column":108}},{"start":{"line":494,"column":12},"end":{"line":494,"column":108}}]},"51":{"loc":{"start":{"line":494,"column":16},"end":{"line":494,"column":36}},"type":"binary-expr","locations":[{"start":{"line":494,"column":16},"end":{"line":494,"column":36}},{"start":{"line":494,"column":40},"end":{"line":494,"column":66}}]},"52":{"loc":{"start":{"line":495,"column":12},"end":{"line":495,"column":104}},"type":"if","locations":[{"start":{"line":495,"column":12},"end":{"line":495,"column":104}},{"start":{"line":495,"column":12},"end":{"line":495,"column":104}}]},"53":{"loc":{"start":{"line":504,"column":16},"end":{"line":504,"column":35}},"type":"switch","locations":[{"start":{"line":504,"column":16},"end":{"line":504,"column":35}},{"start":{"line":505,"column":16},"end":{"line":505,"column":36}},{"start":{"line":506,"column":16},"end":{"line":506,"column":69}}]},"54":{"loc":{"start":{"line":506,"column":25},"end":{"line":506,"column":69}},"type":"if","locations":[{"start":{"line":506,"column":25},"end":{"line":506,"column":69}},{"start":{"line":506,"column":25},"end":{"line":506,"column":69}}]},"55":{"loc":{"start":{"line":534,"column":42},"end":{"line":534,"column":46}},"type":"default-arg","locations":[{"start":{"line":534,"column":42},"end":{"line":534,"column":46}}]},"56":{"loc":{"start":{"line":536,"column":8},"end":{"line":546,"column":9}},"type":"if","locations":[{"start":{"line":536,"column":8},"end":{"line":546,"column":9}},{"start":{"line":536,"column":8},"end":{"line":546,"column":9}}]},"57":{"loc":{"start":{"line":539,"column":12},"end":{"line":545,"column":13}},"type":"if","locations":[{"start":{"line":539,"column":12},"end":{"line":545,"column":13}},{"start":{"line":539,"column":12},"end":{"line":545,"column":13}}]},"58":{"loc":{"start":{"line":541,"column":16},"end":{"line":544,"column":17}},"type":"if","locations":[{"start":{"line":541,"column":16},"end":{"line":544,"column":17}},{"start":{"line":541,"column":16},"end":{"line":544,"column":17}}]},"59":{"loc":{"start":{"line":543,"column":53},"end":{"line":543,"column":59}},"type":"cond-expr","locations":[{"start":{"line":543,"column":53},"end":{"line":543,"column":59}},{"start":{"line":543,"column":62},"end":{"line":543,"column":64}}]},"60":{"loc":{"start":{"line":560,"column":12},"end":{"line":563,"column":34}},"type":"switch","locations":[{"start":{"line":560,"column":12},"end":{"line":563,"column":34}},{"start":{"line":564,"column":12},"end":{"line":571,"column":34}},{"start":{"line":572,"column":12},"end":{"line":573,"column":104}},{"start":{"line":575,"column":12},"end":{"line":577,"column":34}},{"start":{"line":578,"column":12},"end":{"line":578,"column":44}}]},"61":{"loc":{"start":{"line":560,"column":36},"end":{"line":560,"column":76}},"type":"if","locations":[{"start":{"line":560,"column":36},"end":{"line":560,"column":76}},{"start":{"line":560,"column":36},"end":{"line":560,"column":76}}]},"62":{"loc":{"start":{"line":562,"column":28},"end":{"line":562,"column":75}},"type":"if","locations":[{"start":{"line":562,"column":28},"end":{"line":562,"column":75}},{"start":{"line":562,"column":28},"end":{"line":562,"column":75}}]},"63":{"loc":{"start":{"line":564,"column":36},"end":{"line":569,"column":29}},"type":"if","locations":[{"start":{"line":564,"column":36},"end":{"line":569,"column":29}},{"start":{"line":564,"column":36},"end":{"line":569,"column":29}}]},"64":{"loc":{"start":{"line":566,"column":70},"end":{"line":566,"column":77}},"type":"cond-expr","locations":[{"start":{"line":566,"column":70},"end":{"line":566,"column":77}},{"start":{"line":566,"column":80},"end":{"line":566,"column":83}}]},"65":{"loc":{"start":{"line":570,"column":28},"end":{"line":570,"column":73}},"type":"if","locations":[{"start":{"line":570,"column":28},"end":{"line":570,"column":73}},{"start":{"line":570,"column":28},"end":{"line":570,"column":73}}]},"66":{"loc":{"start":{"line":573,"column":64},"end":{"line":573,"column":97}},"type":"cond-expr","locations":[{"start":{"line":573,"column":64},"end":{"line":573,"column":97}},{"start":{"line":573,"column":100},"end":{"line":573,"column":103}}]},"67":{"loc":{"start":{"line":575,"column":36},"end":{"line":575,"column":100}},"type":"if","locations":[{"start":{"line":575,"column":36},"end":{"line":575,"column":100}},{"start":{"line":575,"column":36},"end":{"line":575,"column":100}}]},"68":{"loc":{"start":{"line":576,"column":28},"end":{"line":576,"column":73}},"type":"if","locations":[{"start":{"line":576,"column":28},"end":{"line":576,"column":73}},{"start":{"line":576,"column":28},"end":{"line":576,"column":73}}]}},"s":{"0":2,"1":120,"2":120,"3":120,"4":1,"5":1,"6":1,"7":1,"8":4,"9":1,"10":72,"11":120,"12":120,"13":1,"14":92,"15":14,"16":14,"17":56,"18":777,"19":777,"20":776,"21":776,"22":776,"23":776,"24":776,"25":776,"26":777,"27":3,"28":3,"29":3,"30":2,"31":1,"32":1,"33":2,"34":8,"35":2,"36":1082,"37":1082,"38":2,"39":1080,"40":1080,"41":4,"42":4,"43":1,"44":3,"45":3,"46":77,"47":477,"48":18,"49":18,"50":12,"51":11,"52":12,"53":1,"54":1,"55":11,"56":11,"57":11,"58":2,"59":8,"60":8,"61":8,"62":2,"63":5,"64":20,"65":20,"66":5,"67":20,"68":5,"69":20,"70":20,"71":3,"72":17,"73":8,"74":5,"75":4,"76":16,"77":16,"78":3,"79":16,"80":3,"81":16,"82":16,"83":2,"84":14,"85":5,"86":12,"87":120,"88":774,"89":774,"90":774,"91":2242,"92":774,"93":68,"94":6,"95":6,"96":1,"97":5,"98":5,"99":2,"100":10,"101":5,"102":2,"103":10,"104":5,"105":25,"106":6,"107":4,"108":4,"109":4,"110":1,"111":1,"112":4,"113":4,"114":4,"115":1,"116":1,"117":1,"118":1,"119":2,"120":4,"121":4,"122":4,"123":4,"124":16,"125":12,"126":4,"127":16,"128":4,"129":2658,"130":782,"131":1876,"132":1876,"133":120,"134":120,"135":120,"136":774,"137":120,"138":774,"139":120,"140":774,"141":774,"142":774,"143":3870,"144":3870,"145":3870,"146":774,"147":2242,"148":2242,"149":1944,"150":774,"151":3563,"152":0,"153":3563,"154":141,"155":3422,"156":774,"157":774,"158":2242,"159":2038,"160":290,"161":1748,"162":365,"163":1383,"164":1383,"165":239,"166":1144,"167":188,"168":956,"169":141,"170":815,"171":384,"172":431,"173":47,"174":47,"175":337,"176":337,"177":298,"178":774,"179":774,"180":2242,"181":1219,"182":20,"183":1199,"184":1199,"185":768,"186":768,"187":674,"188":674,"189":1219,"190":2242,"191":2242,"192":674,"193":290,"194":384,"195":384,"196":0,"197":384,"198":188,"199":188,"200":188,"201":0,"202":188,"203":0,"204":188,"205":188,"206":1043,"207":521,"208":1043,"209":188,"210":1043,"211":337,"212":1952,"213":2,"214":2},"f":{"0":120,"1":1,"2":1,"3":4,"4":72,"5":120,"6":1,"7":92,"8":14,"9":56,"10":777,"11":3,"12":8,"13":1082,"14":4,"15":77,"16":477,"17":18,"18":12,"19":8,"20":20,"21":16,"22":120,"23":774,"24":2242,"25":68,"26":6,"27":10,"28":10,"29":25,"30":4,"31":4,"32":1,"33":4,"34":4,"35":16,"36":2658,"37":120,"38":774,"39":774,"40":774,"41":3870,"42":3563,"43":2242,"44":774,"45":1219,"46":2242},"b":{"0":[1,0],"1":[1,1],"2":[776,1],"3":[2,1],"4":[1,1],"5":[4,4],"6":[2,1080],"7":[1,3],"8":[17,1],"9":[11,1],"10":[1,11],"11":[2,5,4],"12":[8,0],"13":[5,15],"14":[5,15],"15":[20,0],"16":[20,20],"17":[3,17],"18":[8,9],"19":[3,13],"20":[3,13],"21":[16,0],"22":[16,16],"23":[2,14],"24":[5,9],"25":[774,0],"26":[1,5],"27":[2,3],"28":[7,3],"29":[2,1],"30":[2,3],"31":[5,5],"32":[4,1],"33":[1,1,2],"34":[3,1],"35":[12,4],"36":[782,1876],"37":[120],"38":[1944,298],"39":[0,3563],"40":[3563,727],"41":[141,3422],"42":[3563,868],"43":[2038,204],"44":[2242,2038],"45":[290,1748],"46":[365,1383],"47":[239,1144],"48":[188,956],"49":[1144,188],"50":[141,815],"51":[956,141],"52":[384,431],"53":[47,47,337],"54":[337,0],"55":[1219],"56":[20,1199],"57":[768,431],"58":[674,94],"59":[674,0],"60":[674,188,188,1043,337],"61":[290,384],"62":[0,384],"63":[188,0],"64":[141,47],"65":[0,188],"66":[188,0],"67":[521,522],"68":[188,855]}}
,"/Users/sth1pal/Documents/Development/JavaScript/nodejs/ts6/dev/hsLibs/standalone/hsDatab/src/DataFilters.ts": {"path":"/Users/sth1pal/Documents/Development/JavaScript/nodejs/ts6/dev/hsLibs/standalone/hsDatab/src/DataFilters.ts","statementMap":{"0":{"start":{"line":124,"column":0},"end":{"line":127,"column":15}},"1":{"start":{"line":155,"column":16},"end":{"line":155,"column":31}},"2":{"start":{"line":156,"column":27},"end":{"line":156,"column":52}},"3":{"start":{"line":157,"column":24},"end":{"line":157,"column":77}},"4":{"start":{"line":158,"column":0},"end":{"line":158,"column":44}},"5":{"start":{"line":159,"column":4},"end":{"line":171,"column":5}},"6":{"start":{"line":160,"column":8},"end":{"line":160,"column":101}},"7":{"start":{"line":161,"column":8},"end":{"line":161,"column":25}},"8":{"start":{"line":162,"column":8},"end":{"line":162,"column":21}},"9":{"start":{"line":163,"column":11},"end":{"line":171,"column":5}},"10":{"start":{"line":165,"column":8},"end":{"line":165,"column":34}},"11":{"start":{"line":166,"column":11},"end":{"line":171,"column":5}},"12":{"start":{"line":168,"column":8},"end":{"line":168,"column":73}},"13":{"start":{"line":168,"column":57},"end":{"line":168,"column":71}},"14":{"start":{"line":170,"column":8},"end":{"line":170,"column":34}},"15":{"start":{"line":182,"column":19},"end":{"line":182,"column":24}},"16":{"start":{"line":183,"column":19},"end":{"line":183,"column":23}},"17":{"start":{"line":185,"column":4},"end":{"line":225,"column":5}},"18":{"start":{"line":185,"column":33},"end":{"line":185,"column":45}},"19":{"start":{"line":188,"column":9},"end":{"line":225,"column":5}},"20":{"start":{"line":188,"column":46},"end":{"line":188,"column":71}},"21":{"start":{"line":191,"column":9},"end":{"line":225,"column":5}},"22":{"start":{"line":193,"column":35},"end":{"line":193,"column":44}},"23":{"start":{"line":196,"column":8},"end":{"line":221,"column":9}},"24":{"start":{"line":197,"column":12},"end":{"line":197,"column":51}},"25":{"start":{"line":197,"column":37},"end":{"line":197,"column":49}},"26":{"start":{"line":198,"column":12},"end":{"line":198,"column":50}},"27":{"start":{"line":198,"column":35},"end":{"line":198,"column":48}},"28":{"start":{"line":200,"column":12},"end":{"line":202,"column":91}},"29":{"start":{"line":201,"column":46},"end":{"line":201,"column":90}},"30":{"start":{"line":202,"column":45},"end":{"line":202,"column":89}},"31":{"start":{"line":206,"column":12},"end":{"line":206,"column":50}},"32":{"start":{"line":206,"column":37},"end":{"line":206,"column":48}},"33":{"start":{"line":207,"column":12},"end":{"line":220,"column":13}},"34":{"start":{"line":208,"column":35},"end":{"line":208,"column":38}},"35":{"start":{"line":209,"column":49},"end":{"line":209,"column":58}},"36":{"start":{"line":212,"column":16},"end":{"line":217,"column":17}},"37":{"start":{"line":213,"column":32},"end":{"line":213,"column":102}},"38":{"start":{"line":213,"column":103},"end":{"line":213,"column":109}},"39":{"start":{"line":214,"column":32},"end":{"line":214,"column":102}},"40":{"start":{"line":214,"column":103},"end":{"line":214,"column":109}},"41":{"start":{"line":215,"column":32},"end":{"line":215,"column":97}},"42":{"start":{"line":215,"column":98},"end":{"line":215,"column":104}},"43":{"start":{"line":216,"column":32},"end":{"line":216,"column":111}},"44":{"start":{"line":218,"column":16},"end":{"line":219,"column":75}},"45":{"start":{"line":218,"column":36},"end":{"line":218,"column":53}},"46":{"start":{"line":218,"column":55},"end":{"line":218,"column":74}},"47":{"start":{"line":218,"column":66},"end":{"line":218,"column":72}},"48":{"start":{"line":219,"column":36},"end":{"line":219,"column":54}},"49":{"start":{"line":219,"column":55},"end":{"line":219,"column":74}},"50":{"start":{"line":219,"column":66},"end":{"line":219,"column":72}},"51":{"start":{"line":223,"column":8},"end":{"line":223,"column":78}},"52":{"start":{"line":224,"column":8},"end":{"line":224,"column":21}},"53":{"start":{"line":226,"column":4},"end":{"line":226,"column":37}},"54":{"start":{"line":237,"column":22},"end":{"line":237,"column":66}},"55":{"start":{"line":237,"column":46},"end":{"line":237,"column":66}},"56":{"start":{"line":238,"column":4},"end":{"line":250,"column":5}},"57":{"start":{"line":239,"column":8},"end":{"line":246,"column":11}},"58":{"start":{"line":243,"column":29},"end":{"line":243,"column":70}},"59":{"start":{"line":244,"column":16},"end":{"line":244,"column":28}},"60":{"start":{"line":248,"column":8},"end":{"line":248,"column":25}},"61":{"start":{"line":249,"column":8},"end":{"line":249,"column":31}},"62":{"start":{"line":236,"column":0},"end":{"line":251,"column":1}}},"fnMap":{"0":{"name":"resolveTerminalCondition","decl":{"start":{"line":154,"column":9},"end":{"line":154,"column":33}},"loc":{"start":{"line":154,"column":100},"end":{"line":172,"column":1}}},"1":{"name":"(anonymous_1)","decl":{"start":{"line":168,"column":46},"end":{"line":168,"column":47}},"loc":{"start":{"line":168,"column":57},"end":{"line":168,"column":71}}},"2":{"name":"resolveCondition","decl":{"start":{"line":181,"column":9},"end":{"line":181,"column":25}},"loc":{"start":{"line":181,"column":115},"end":{"line":227,"column":1}}},"3":{"name":"(anonymous_3)","decl":{"start":{"line":201,"column":25},"end":{"line":201,"column":26}},"loc":{"start":{"line":201,"column":46},"end":{"line":201,"column":90}}},"4":{"name":"(anonymous_4)","decl":{"start":{"line":202,"column":24},"end":{"line":202,"column":25}},"loc":{"start":{"line":202,"column":45},"end":{"line":202,"column":89}}},"5":{"name":"filter","decl":{"start":{"line":236,"column":16},"end":{"line":236,"column":22}},"loc":{"start":{"line":236,"column":48},"end":{"line":251,"column":1}}},"6":{"name":"(anonymous_6)","decl":{"start":{"line":237,"column":22},"end":{"line":237,"column":23}},"loc":{"start":{"line":237,"column":46},"end":{"line":237,"column":66}}},"7":{"name":"(anonymous_7)","decl":{"start":{"line":242,"column":39},"end":{"line":242,"column":40}},"loc":{"start":{"line":242,"column":65},"end":{"line":245,"column":13}}}},"branchMap":{"0":{"loc":{"start":{"line":157,"column":25},"end":{"line":157,"column":48}},"type":"binary-expr","locations":[{"start":{"line":157,"column":25},"end":{"line":157,"column":48}},{"start":{"line":157,"column":54},"end":{"line":157,"column":76}}]},"1":{"loc":{"start":{"line":159,"column":4},"end":{"line":171,"column":5}},"type":"if","locations":[{"start":{"line":159,"column":4},"end":{"line":171,"column":5}},{"start":{"line":159,"column":4},"end":{"line":171,"column":5}}]},"2":{"loc":{"start":{"line":163,"column":11},"end":{"line":171,"column":5}},"type":"if","locations":[{"start":{"line":163,"column":11},"end":{"line":171,"column":5}},{"start":{"line":163,"column":11},"end":{"line":171,"column":5}}]},"3":{"loc":{"start":{"line":166,"column":11},"end":{"line":171,"column":5}},"type":"if","locations":[{"start":{"line":166,"column":11},"end":{"line":171,"column":5}},{"start":{"line":166,"column":11},"end":{"line":171,"column":5}}]},"4":{"loc":{"start":{"line":168,"column":16},"end":{"line":168,"column":32}},"type":"binary-expr","locations":[{"start":{"line":168,"column":16},"end":{"line":168,"column":32}},{"start":{"line":168,"column":37},"end":{"line":168,"column":72}}]},"5":{"loc":{"start":{"line":185,"column":4},"end":{"line":225,"column":5}},"type":"if","locations":[{"start":{"line":185,"column":4},"end":{"line":225,"column":5}},{"start":{"line":185,"column":4},"end":{"line":225,"column":5}}]},"6":{"loc":{"start":{"line":188,"column":9},"end":{"line":225,"column":5}},"type":"if","locations":[{"start":{"line":188,"column":9},"end":{"line":225,"column":5}},{"start":{"line":188,"column":9},"end":{"line":225,"column":5}}]},"7":{"loc":{"start":{"line":191,"column":9},"end":{"line":225,"column":5}},"type":"if","locations":[{"start":{"line":191,"column":9},"end":{"line":225,"column":5}},{"start":{"line":191,"column":9},"end":{"line":225,"column":5}}]},"8":{"loc":{"start":{"line":196,"column":8},"end":{"line":221,"column":9}},"type":"if","locations":[{"start":{"line":196,"column":8},"end":{"line":221,"column":9}},{"start":{"line":196,"column":8},"end":{"line":221,"column":9}}]},"9":{"loc":{"start":{"line":197,"column":12},"end":{"line":197,"column":51}},"type":"if","locations":[{"start":{"line":197,"column":12},"end":{"line":197,"column":51}},{"start":{"line":197,"column":12},"end":{"line":197,"column":51}}]},"10":{"loc":{"start":{"line":198,"column":12},"end":{"line":198,"column":50}},"type":"if","locations":[{"start":{"line":198,"column":12},"end":{"line":198,"column":50}},{"start":{"line":198,"column":12},"end":{"line":198,"column":50}}]},"11":{"loc":{"start":{"line":201,"column":16},"end":{"line":201,"column":91}},"type":"cond-expr","locations":[{"start":{"line":201,"column":16},"end":{"line":201,"column":91}},{"start":{"line":202,"column":16},"end":{"line":202,"column":90}}]},"12":{"loc":{"start":{"line":206,"column":12},"end":{"line":206,"column":50}},"type":"if","locations":[{"start":{"line":206,"column":12},"end":{"line":206,"column":50}},{"start":{"line":206,"column":12},"end":{"line":206,"column":50}}]},"13":{"loc":{"start":{"line":213,"column":20},"end":{"line":213,"column":109}},"type":"switch","locations":[{"start":{"line":213,"column":20},"end":{"line":213,"column":109}},{"start":{"line":214,"column":20},"end":{"line":214,"column":109}},{"start":{"line":215,"column":20},"end":{"line":215,"column":104}},{"start":{"line":216,"column":20},"end":{"line":216,"column":111}}]},"14":{"loc":{"start":{"line":218,"column":16},"end":{"line":219,"column":75}},"type":"if","locations":[{"start":{"line":218,"column":16},"end":{"line":219,"column":75}},{"start":{"line":218,"column":16},"end":{"line":219,"column":75}}]},"15":{"loc":{"start":{"line":218,"column":55},"end":{"line":218,"column":74}},"type":"if","locations":[{"start":{"line":218,"column":55},"end":{"line":218,"column":74}},{"start":{"line":218,"column":55},"end":{"line":218,"column":74}}]},"16":{"loc":{"start":{"line":219,"column":55},"end":{"line":219,"column":74}},"type":"if","locations":[{"start":{"line":219,"column":55},"end":{"line":219,"column":74}},{"start":{"line":219,"column":55},"end":{"line":219,"column":74}}]},"17":{"loc":{"start":{"line":226,"column":16},"end":{"line":226,"column":25}},"type":"cond-expr","locations":[{"start":{"line":226,"column":16},"end":{"line":226,"column":25}},{"start":{"line":226,"column":28},"end":{"line":226,"column":36}}]}},"s":{"0":2,"1":271,"2":271,"3":271,"4":271,"5":271,"6":0,"7":0,"8":0,"9":271,"10":4,"11":267,"12":192,"13":336,"14":75,"15":346,"16":346,"17":346,"18":4,"19":342,"20":11,"21":331,"22":331,"23":331,"24":28,"25":16,"26":28,"27":4,"28":24,"29":10,"30":28,"31":303,"32":260,"33":303,"34":307,"35":307,"36":307,"37":8,"38":8,"39":16,"40":16,"41":12,"42":12,"43":271,"44":307,"45":134,"46":134,"47":8,"48":173,"49":173,"50":153,"51":0,"52":0,"53":303,"54":68,"55":271,"56":68,"57":68,"58":272,"59":272,"60":0,"61":0,"62":2},"f":{"0":271,"1":336,"2":346,"3":10,"4":28,"5":68,"6":271,"7":272},"b":{"0":[271,192],"1":[0,271],"2":[4,267],"3":[192,75],"4":[192,192],"5":[4,342],"6":[11,331],"7":[331,0],"8":[28,303],"9":[16,12],"10":[4,24],"11":[8,16],"12":[260,43],"13":[8,16,12,271],"14":[134,173],"15":[8,126],"16":[153,20],"17":[278,25]}}
,"/Users/sth1pal/Documents/Development/JavaScript/nodejs/ts6/dev/hsLibs/standalone/hsDatab/src/index.ts": {"path":"/Users/sth1pal/Documents/Development/JavaScript/nodejs/ts6/dev/hsLibs/standalone/hsDatab/src/index.ts","statementMap":{"0":{"start":{"line":1,"column":0},"end":{"line":10,"column":29}},"1":{"start":{"line":1,"column":9},"end":{"line":1,"column":17}},"2":{"start":{"line":2,"column":9},"end":{"line":2,"column":18}},"3":{"start":{"line":3,"column":9},"end":{"line":3,"column":19}},"4":{"start":{"line":4,"column":9},"end":{"line":4,"column":19}},"5":{"start":{"line":5,"column":9},"end":{"line":5,"column":15}},"6":{"start":{"line":6,"column":9},"end":{"line":6,"column":24}},"7":{"start":{"line":7,"column":9},"end":{"line":7,"column":16}},"8":{"start":{"line":8,"column":9},"end":{"line":8,"column":16}},"9":{"start":{"line":9,"column":9},"end":{"line":9,"column":16}},"10":{"start":{"line":12,"column":0},"end":{"line":12,"column":29}},"11":{"start":{"line":12,"column":9},"end":{"line":12,"column":13}},"12":{"start":{"line":13,"column":0},"end":{"line":13,"column":40}},"13":{"start":{"line":13,"column":9},"end":{"line":13,"column":18}}},"fnMap":{},"branchMap":{},"s":{"0":1,"1":1,"2":1,"3":1,"4":1,"5":1,"6":1,"7":1,"8":1,"9":1,"10":1,"11":1,"12":1,"13":1},"f":{},"b":{}}
}
