{"/Users/sth1pal/Documents/Development/JavaScript/nodejs/ts6/dev/hsLibs/standalone/hsDatab/src/Data.ts": {"path":"/Users/sth1pal/Documents/Development/JavaScript/nodejs/ts6/dev/hsLibs/standalone/hsDatab/src/Data.ts","statementMap":{"0":{"start":{"line":5,"column":0},"end":{"line":5,"column":49}},"1":{"start":{"line":409,"column":12},"end":{"line":409,"column":36}},"2":{"start":{"line":410,"column":12},"end":{"line":410,"column":36}},"3":{"start":{"line":98,"column":8},"end":{"line":98,"column":26}},"4":{"start":{"line":90,"column":8},"end":{"line":90,"column":28}},"5":{"start":{"line":91,"column":22},"end":{"line":91,"column":42}},"6":{"start":{"line":92,"column":21},"end":{"line":93,"column":42}},"7":{"start":{"line":93,"column":12},"end":{"line":93,"column":41}},"8":{"start":{"line":93,"column":36},"end":{"line":93,"column":40}},"9":{"start":{"line":94,"column":8},"end":{"line":94,"column":67}},"10":{"start":{"line":105,"column":8},"end":{"line":105,"column":25}},"11":{"start":{"line":113,"column":8},"end":{"line":113,"column":30}},"12":{"start":{"line":114,"column":8},"end":{"line":114,"column":47}},"13":{"start":{"line":121,"column":8},"end":{"line":124,"column":10}},"14":{"start":{"line":131,"column":8},"end":{"line":131,"column":25}},"15":{"start":{"line":139,"column":19},"end":{"line":139,"column":38}},"16":{"start":{"line":140,"column":8},"end":{"line":140,"column":55}},"17":{"start":{"line":140,"column":46},"end":{"line":140,"column":53}},"18":{"start":{"line":150,"column":16},"end":{"line":150,"column":33}},"19":{"start":{"line":151,"column":8},"end":{"line":158,"column":9}},"20":{"start":{"line":152,"column":12},"end":{"line":152,"column":48}},"21":{"start":{"line":153,"column":12},"end":{"line":153,"column":27}},"22":{"start":{"line":154,"column":12},"end":{"line":154,"column":40}},"23":{"start":{"line":155,"column":12},"end":{"line":155,"column":30}},"24":{"start":{"line":156,"column":12},"end":{"line":156,"column":31}},"25":{"start":{"line":157,"column":12},"end":{"line":157,"column":31}},"26":{"start":{"line":159,"column":8},"end":{"line":159,"column":17}},"27":{"start":{"line":173,"column":19},"end":{"line":173,"column":52}},"28":{"start":{"line":174,"column":28},"end":{"line":174,"column":45}},"29":{"start":{"line":175,"column":8},"end":{"line":175,"column":73}},"30":{"start":{"line":175,"column":49},"end":{"line":175,"column":71}},"31":{"start":{"line":176,"column":8},"end":{"line":180,"column":9}},"32":{"start":{"line":177,"column":12},"end":{"line":179,"column":14}},"33":{"start":{"line":178,"column":16},"end":{"line":178,"column":112}},"34":{"start":{"line":181,"column":8},"end":{"line":181,"column":25}},"35":{"start":{"line":191,"column":18},"end":{"line":191,"column":35}},"36":{"start":{"line":192,"column":8},"end":{"line":196,"column":9}},"37":{"start":{"line":192,"column":18},"end":{"line":192,"column":35}},"38":{"start":{"line":194,"column":12},"end":{"line":194,"column":30}},"39":{"start":{"line":195,"column":12},"end":{"line":195,"column":28}},"40":{"start":{"line":206,"column":16},"end":{"line":206,"column":33}},"41":{"start":{"line":207,"column":8},"end":{"line":207,"column":37}},"42":{"start":{"line":207,"column":18},"end":{"line":207,"column":35}},"43":{"start":{"line":208,"column":8},"end":{"line":208,"column":26}},"44":{"start":{"line":209,"column":8},"end":{"line":209,"column":22}},"45":{"start":{"line":217,"column":8},"end":{"line":217,"column":55}},"46":{"start":{"line":217,"column":47},"end":{"line":217,"column":53}},"47":{"start":{"line":227,"column":21},"end":{"line":227,"column":38}},"48":{"start":{"line":228,"column":8},"end":{"line":228,"column":57}},"49":{"start":{"line":239,"column":8},"end":{"line":239,"column":56}},"50":{"start":{"line":239,"column":34},"end":{"line":239,"column":54}},"51":{"start":{"line":240,"column":8},"end":{"line":267,"column":9}},"52":{"start":{"line":241,"column":12},"end":{"line":241,"column":26}},"53":{"start":{"line":242,"column":12},"end":{"line":242,"column":43}},"54":{"start":{"line":244,"column":22},"end":{"line":244,"column":41}},"55":{"start":{"line":245,"column":25},"end":{"line":245,"column":42}},"56":{"start":{"line":246,"column":12},"end":{"line":248,"column":13}},"57":{"start":{"line":247,"column":16},"end":{"line":247,"column":39}},"58":{"start":{"line":249,"column":12},"end":{"line":266,"column":13}},"59":{"start":{"line":251,"column":20},"end":{"line":254,"column":23}},"60":{"start":{"line":252,"column":49},"end":{"line":252,"column":55}},"61":{"start":{"line":253,"column":24},"end":{"line":253,"column":82}},"62":{"start":{"line":253,"column":59},"end":{"line":253,"column":80}},"63":{"start":{"line":255,"column":20},"end":{"line":255,"column":26}},"64":{"start":{"line":257,"column":20},"end":{"line":265,"column":23}},"65":{"start":{"line":258,"column":39},"end":{"line":258,"column":66}},"66":{"start":{"line":259,"column":24},"end":{"line":259,"column":69}},"67":{"start":{"line":259,"column":53},"end":{"line":259,"column":67}},"68":{"start":{"line":260,"column":24},"end":{"line":260,"column":69}},"69":{"start":{"line":260,"column":53},"end":{"line":260,"column":67}},"70":{"start":{"line":261,"column":24},"end":{"line":264,"column":25}},"71":{"start":{"line":262,"column":28},"end":{"line":263,"column":68}},"72":{"start":{"line":262,"column":47},"end":{"line":262,"column":61}},"73":{"start":{"line":263,"column":33},"end":{"line":263,"column":68}},"74":{"start":{"line":263,"column":52},"end":{"line":263,"column":66}},"75":{"start":{"line":268,"column":8},"end":{"line":268,"column":22}},"76":{"start":{"line":272,"column":8},"end":{"line":278,"column":11}},"77":{"start":{"line":273,"column":24},"end":{"line":273,"column":32}},"78":{"start":{"line":274,"column":12},"end":{"line":276,"column":13}},"79":{"start":{"line":275,"column":16},"end":{"line":275,"column":103}},"80":{"start":{"line":275,"column":51},"end":{"line":275,"column":101}},"81":{"start":{"line":277,"column":12},"end":{"line":277,"column":26}},"82":{"start":{"line":289,"column":8},"end":{"line":289,"column":39}},"83":{"start":{"line":319,"column":25},"end":{"line":319,"column":31}},"84":{"start":{"line":320,"column":8},"end":{"line":327,"column":9}},"85":{"start":{"line":321,"column":12},"end":{"line":321,"column":31}},"86":{"start":{"line":323,"column":12},"end":{"line":323,"column":38}},"87":{"start":{"line":324,"column":12},"end":{"line":324,"column":90}},"88":{"start":{"line":324,"column":43},"end":{"line":324,"column":88}},"89":{"start":{"line":324,"column":67},"end":{"line":324,"column":87}},"90":{"start":{"line":325,"column":12},"end":{"line":325,"column":90}},"91":{"start":{"line":325,"column":43},"end":{"line":325,"column":88}},"92":{"start":{"line":325,"column":67},"end":{"line":325,"column":87}},"93":{"start":{"line":326,"column":12},"end":{"line":326,"column":73}},"94":{"start":{"line":326,"column":51},"end":{"line":326,"column":71}},"95":{"start":{"line":328,"column":8},"end":{"line":328,"column":20}},"96":{"start":{"line":374,"column":21},"end":{"line":374,"column":37}},"97":{"start":{"line":374,"column":34},"end":{"line":374,"column":37}},"98":{"start":{"line":375,"column":25},"end":{"line":378,"column":9}},"99":{"start":{"line":376,"column":20},"end":{"line":376,"column":21}},"100":{"start":{"line":377,"column":12},"end":{"line":377,"column":74}},"101":{"start":{"line":377,"column":47},"end":{"line":377,"column":59}},"102":{"start":{"line":377,"column":60},"end":{"line":377,"column":71}},"103":{"start":{"line":381,"column":12},"end":{"line":385,"column":13}},"104":{"start":{"line":382,"column":33},"end":{"line":382,"column":49}},"105":{"start":{"line":382,"column":50},"end":{"line":382,"column":56}},"106":{"start":{"line":383,"column":33},"end":{"line":383,"column":43}},"107":{"start":{"line":383,"column":44},"end":{"line":383,"column":50}},"108":{"start":{"line":384,"column":33},"end":{"line":384,"column":60}},"109":{"start":{"line":386,"column":12},"end":{"line":386,"column":22}},"110":{"start":{"line":389,"column":17},"end":{"line":389,"column":24}},"111":{"start":{"line":390,"column":18},"end":{"line":390,"column":54}},"112":{"start":{"line":391,"column":21},"end":{"line":402,"column":10}},"113":{"start":{"line":394,"column":16},"end":{"line":398,"column":17}},"114":{"start":{"line":395,"column":20},"end":{"line":395,"column":68}},"115":{"start":{"line":397,"column":20},"end":{"line":397,"column":73}},"116":{"start":{"line":399,"column":16},"end":{"line":399,"column":27}},"117":{"start":{"line":403,"column":8},"end":{"line":403,"column":22}},"118":{"start":{"line":414,"column":8},"end":{"line":414,"column":43}},"119":{"start":{"line":414,"column":26},"end":{"line":414,"column":41}},"120":{"start":{"line":415,"column":8},"end":{"line":415,"column":50}},"121":{"start":{"line":415,"column":31},"end":{"line":415,"column":48}},"122":{"start":{"line":416,"column":8},"end":{"line":416,"column":39}},"123":{"start":{"line":417,"column":8},"end":{"line":417,"column":30}},"124":{"start":{"line":430,"column":8},"end":{"line":430,"column":23}},"125":{"start":{"line":431,"column":8},"end":{"line":431,"column":25}},"126":{"start":{"line":432,"column":8},"end":{"line":432,"column":56}},"127":{"start":{"line":432,"column":38},"end":{"line":432,"column":54}},"128":{"start":{"line":433,"column":8},"end":{"line":433,"column":59}},"129":{"start":{"line":433,"column":38},"end":{"line":433,"column":57}},"130":{"start":{"line":434,"column":8},"end":{"line":434,"column":24}},"131":{"start":{"line":445,"column":18},"end":{"line":445,"column":35}},"132":{"start":{"line":446,"column":35},"end":{"line":446,"column":37}},"133":{"start":{"line":447,"column":8},"end":{"line":451,"column":11}},"134":{"start":{"line":448,"column":23},"end":{"line":448,"column":55}},"135":{"start":{"line":449,"column":12},"end":{"line":449,"column":27}},"136":{"start":{"line":450,"column":12},"end":{"line":450,"column":37}},"137":{"start":{"line":452,"column":8},"end":{"line":455,"column":9}},"138":{"start":{"line":453,"column":22},"end":{"line":453,"column":38}},"139":{"start":{"line":454,"column":12},"end":{"line":454,"column":49}},"140":{"start":{"line":454,"column":30},"end":{"line":454,"column":47}},"141":{"start":{"line":456,"column":8},"end":{"line":460,"column":11}},"142":{"start":{"line":457,"column":12},"end":{"line":457,"column":62}},"143":{"start":{"line":457,"column":50},"end":{"line":457,"column":60}},"144":{"start":{"line":458,"column":12},"end":{"line":458,"column":61}},"145":{"start":{"line":458,"column":50},"end":{"line":458,"column":59}},"146":{"start":{"line":459,"column":12},"end":{"line":459,"column":37}},"147":{"start":{"line":461,"column":8},"end":{"line":461,"column":24}},"148":{"start":{"line":462,"column":8},"end":{"line":462,"column":29}},"149":{"start":{"line":477,"column":8},"end":{"line":499,"column":9}},"150":{"start":{"line":478,"column":12},"end":{"line":478,"column":63}},"151":{"start":{"line":478,"column":39},"end":{"line":478,"column":61}},"152":{"start":{"line":479,"column":12},"end":{"line":479,"column":69}},"153":{"start":{"line":479,"column":43},"end":{"line":479,"column":67}},"154":{"start":{"line":482,"column":27},"end":{"line":482,"column":33}},"155":{"start":{"line":483,"column":12},"end":{"line":483,"column":107}},"156":{"start":{"line":483,"column":81},"end":{"line":483,"column":105}},"157":{"start":{"line":484,"column":12},"end":{"line":484,"column":109}},"158":{"start":{"line":484,"column":81},"end":{"line":484,"column":107}},"159":{"start":{"line":485,"column":12},"end":{"line":485,"column":108}},"160":{"start":{"line":485,"column":81},"end":{"line":485,"column":106}},"161":{"start":{"line":486,"column":12},"end":{"line":486,"column":104}},"162":{"start":{"line":486,"column":80},"end":{"line":486,"column":102}},"163":{"start":{"line":489,"column":12},"end":{"line":493,"column":13}},"164":{"start":{"line":490,"column":16},"end":{"line":492,"column":17}},"165":{"start":{"line":491,"column":20},"end":{"line":491,"column":46}},"166":{"start":{"line":494,"column":12},"end":{"line":498,"column":13}},"167":{"start":{"line":495,"column":29},"end":{"line":495,"column":35}},"168":{"start":{"line":496,"column":30},"end":{"line":496,"column":36}},"169":{"start":{"line":497,"column":25},"end":{"line":497,"column":69}},"170":{"start":{"line":497,"column":45},"end":{"line":497,"column":67}},"171":{"start":{"line":500,"column":8},"end":{"line":500,"column":20}},"172":{"start":{"line":508,"column":18},"end":{"line":508,"column":40}},"173":{"start":{"line":509,"column":8},"end":{"line":511,"column":9}},"174":{"start":{"line":510,"column":12},"end":{"line":510,"column":34}},"175":{"start":{"line":526,"column":8},"end":{"line":527,"column":63}},"176":{"start":{"line":526,"column":35},"end":{"line":526,"column":49}},"177":{"start":{"line":527,"column":35},"end":{"line":527,"column":61}},"178":{"start":{"line":528,"column":15},"end":{"line":528,"column":30}},"179":{"start":{"line":529,"column":8},"end":{"line":532,"column":9}},"180":{"start":{"line":530,"column":12},"end":{"line":530,"column":23}},"181":{"start":{"line":531,"column":12},"end":{"line":531,"column":58}},"182":{"start":{"line":533,"column":8},"end":{"line":533,"column":17}},"183":{"start":{"line":544,"column":8},"end":{"line":562,"column":9}},"184":{"start":{"line":545,"column":36},"end":{"line":545,"column":76}},"185":{"start":{"line":545,"column":63},"end":{"line":545,"column":74}},"186":{"start":{"line":546,"column":28},"end":{"line":546,"column":51}},"187":{"start":{"line":547,"column":28},"end":{"line":547,"column":69}},"188":{"start":{"line":547,"column":56},"end":{"line":547,"column":67}},"189":{"start":{"line":548,"column":28},"end":{"line":548,"column":34}},"190":{"start":{"line":549,"column":36},"end":{"line":552,"column":29}},"191":{"start":{"line":550,"column":44},"end":{"line":550,"column":59}},"192":{"start":{"line":551,"column":32},"end":{"line":551,"column":81}},"193":{"start":{"line":553,"column":28},"end":{"line":553,"column":67}},"194":{"start":{"line":553,"column":54},"end":{"line":553,"column":65}},"195":{"start":{"line":554,"column":28},"end":{"line":554,"column":34}},"196":{"start":{"line":556,"column":16},"end":{"line":556,"column":89}},"197":{"start":{"line":556,"column":47},"end":{"line":556,"column":87}},"198":{"start":{"line":558,"column":36},"end":{"line":558,"column":91}},"199":{"start":{"line":558,"column":67},"end":{"line":558,"column":89}},"200":{"start":{"line":559,"column":28},"end":{"line":559,"column":67}},"201":{"start":{"line":559,"column":54},"end":{"line":559,"column":65}},"202":{"start":{"line":560,"column":28},"end":{"line":560,"column":34}},"203":{"start":{"line":561,"column":28},"end":{"line":561,"column":41}},"204":{"start":{"line":563,"column":8},"end":{"line":563,"column":19}},"205":{"start":{"line":69,"column":18},"end":{"line":81,"column":6}},"206":{"start":{"line":65,"column":0},"end":{"line":565,"column":1}}},"fnMap":{"0":{"name":"(anonymous_0)","decl":{"start":{"line":97,"column":4},"end":{"line":97,"column":15}},"loc":{"start":{"line":97,"column":29},"end":{"line":99,"column":5}}},"1":{"name":"(anonymous_1)","decl":{"start":{"line":89,"column":11},"end":{"line":89,"column":16}},"loc":{"start":{"line":89,"column":61},"end":{"line":95,"column":5}}},"2":{"name":"(anonymous_2)","decl":{"start":{"line":92,"column":30},"end":{"line":92,"column":31}},"loc":{"start":{"line":93,"column":12},"end":{"line":93,"column":41}}},"3":{"name":"(anonymous_3)","decl":{"start":{"line":93,"column":22},"end":{"line":93,"column":23}},"loc":{"start":{"line":93,"column":36},"end":{"line":93,"column":40}}},"4":{"name":"(anonymous_4)","decl":{"start":{"line":104,"column":11},"end":{"line":104,"column":17}},"loc":{"start":{"line":104,"column":18},"end":{"line":106,"column":5}}},"5":{"name":"(anonymous_5)","decl":{"start":{"line":112,"column":11},"end":{"line":112,"column":16}},"loc":{"start":{"line":112,"column":30},"end":{"line":115,"column":5}}},"6":{"name":"(anonymous_6)","decl":{"start":{"line":120,"column":11},"end":{"line":120,"column":16}},"loc":{"start":{"line":120,"column":17},"end":{"line":125,"column":5}}},"7":{"name":"(anonymous_7)","decl":{"start":{"line":130,"column":11},"end":{"line":130,"column":17}},"loc":{"start":{"line":130,"column":18},"end":{"line":132,"column":5}}},"8":{"name":"(anonymous_8)","decl":{"start":{"line":138,"column":11},"end":{"line":138,"column":19}},"loc":{"start":{"line":138,"column":40},"end":{"line":141,"column":5}}},"9":{"name":"(anonymous_9)","decl":{"start":{"line":140,"column":29},"end":{"line":140,"column":30}},"loc":{"start":{"line":140,"column":46},"end":{"line":140,"column":53}}},"10":{"name":"(anonymous_10)","decl":{"start":{"line":149,"column":11},"end":{"line":149,"column":16}},"loc":{"start":{"line":149,"column":28},"end":{"line":160,"column":5}}},"11":{"name":"(anonymous_11)","decl":{"start":{"line":172,"column":11},"end":{"line":172,"column":23}},"loc":{"start":{"line":172,"column":72},"end":{"line":182,"column":5}}},"12":{"name":"(anonymous_12)","decl":{"start":{"line":177,"column":26},"end":{"line":177,"column":27}},"loc":{"start":{"line":178,"column":16},"end":{"line":178,"column":112}}},"13":{"name":"(anonymous_13)","decl":{"start":{"line":190,"column":11},"end":{"line":190,"column":19}},"loc":{"start":{"line":190,"column":40},"end":{"line":197,"column":5}}},"14":{"name":"(anonymous_14)","decl":{"start":{"line":205,"column":11},"end":{"line":205,"column":17}},"loc":{"start":{"line":205,"column":38},"end":{"line":210,"column":5}}},"15":{"name":"(anonymous_15)","decl":{"start":{"line":216,"column":11},"end":{"line":216,"column":18}},"loc":{"start":{"line":216,"column":19},"end":{"line":218,"column":5}}},"16":{"name":"(anonymous_16)","decl":{"start":{"line":217,"column":29},"end":{"line":217,"column":30}},"loc":{"start":{"line":217,"column":47},"end":{"line":217,"column":53}}},"17":{"name":"(anonymous_17)","decl":{"start":{"line":226,"column":11},"end":{"line":226,"column":17}},"loc":{"start":{"line":226,"column":38},"end":{"line":229,"column":5}}},"18":{"name":"(anonymous_18)","decl":{"start":{"line":238,"column":11},"end":{"line":238,"column":20}},"loc":{"start":{"line":238,"column":58},"end":{"line":269,"column":5}}},"19":{"name":"(anonymous_19)","decl":{"start":{"line":251,"column":38},"end":{"line":251,"column":39}},"loc":{"start":{"line":251,"column":52},"end":{"line":254,"column":21}}},"20":{"name":"(anonymous_20)","decl":{"start":{"line":257,"column":38},"end":{"line":257,"column":39}},"loc":{"start":{"line":257,"column":52},"end":{"line":265,"column":21}}},"21":{"name":"(anonymous_21)","decl":{"start":{"line":271,"column":11},"end":{"line":271,"column":18}},"loc":{"start":{"line":271,"column":19},"end":{"line":279,"column":5}}},"22":{"name":"(anonymous_22)","decl":{"start":{"line":272,"column":26},"end":{"line":272,"column":27}},"loc":{"start":{"line":272,"column":43},"end":{"line":278,"column":9}}},"23":{"name":"(anonymous_23)","decl":{"start":{"line":275,"column":34},"end":{"line":275,"column":35}},"loc":{"start":{"line":275,"column":51},"end":{"line":275,"column":101}}},"24":{"name":"(anonymous_24)","decl":{"start":{"line":288,"column":11},"end":{"line":288,"column":16}},"loc":{"start":{"line":288,"column":37},"end":{"line":290,"column":5}}},"25":{"name":"(anonymous_25)","decl":{"start":{"line":318,"column":11},"end":{"line":318,"column":14}},"loc":{"start":{"line":318,"column":58},"end":{"line":329,"column":5}}},"26":{"name":"(anonymous_26)","decl":{"start":{"line":324,"column":48},"end":{"line":324,"column":49}},"loc":{"start":{"line":324,"column":67},"end":{"line":324,"column":87}}},"27":{"name":"(anonymous_27)","decl":{"start":{"line":325,"column":48},"end":{"line":325,"column":49}},"loc":{"start":{"line":325,"column":67},"end":{"line":325,"column":87}}},"28":{"name":"(anonymous_28)","decl":{"start":{"line":326,"column":27},"end":{"line":326,"column":28}},"loc":{"start":{"line":326,"column":51},"end":{"line":326,"column":71}}},"29":{"name":"(anonymous_29)","decl":{"start":{"line":373,"column":11},"end":{"line":373,"column":13}},"loc":{"start":{"line":373,"column":64},"end":{"line":404,"column":5}}},"30":{"name":"(anonymous_30)","decl":{"start":{"line":374,"column":21},"end":{"line":374,"column":22}},"loc":{"start":{"line":374,"column":34},"end":{"line":374,"column":37}}},"31":{"name":"(anonymous_31)","decl":{"start":{"line":375,"column":25},"end":{"line":375,"column":27}},"loc":{"start":{"line":375,"column":30},"end":{"line":378,"column":9}}},"32":{"name":"(anonymous_32)","decl":{"start":{"line":377,"column":19},"end":{"line":377,"column":20}},"loc":{"start":{"line":377,"column":44},"end":{"line":377,"column":73}}},"33":{"name":"getFn","decl":{"start":{"line":379,"column":17},"end":{"line":379,"column":22}},"loc":{"start":{"line":379,"column":22},"end":{"line":387,"column":9}}},"34":{"name":"(anonymous_34)","decl":{"start":{"line":393,"column":31},"end":{"line":393,"column":32}},"loc":{"start":{"line":393,"column":76},"end":{"line":400,"column":13}}},"35":{"name":"(anonymous_35)","decl":{"start":{"line":413,"column":12},"end":{"line":413,"column":18}},"loc":{"start":{"line":413,"column":39},"end":{"line":418,"column":5}}},"36":{"name":"(anonymous_36)","decl":{"start":{"line":429,"column":12},"end":{"line":429,"column":18}},"loc":{"start":{"line":429,"column":65},"end":{"line":435,"column":5}}},"37":{"name":"(anonymous_37)","decl":{"start":{"line":432,"column":22},"end":{"line":432,"column":23}},"loc":{"start":{"line":432,"column":38},"end":{"line":432,"column":54}}},"38":{"name":"(anonymous_38)","decl":{"start":{"line":433,"column":22},"end":{"line":433,"column":23}},"loc":{"start":{"line":433,"column":38},"end":{"line":433,"column":57}}},"39":{"name":"(anonymous_39)","decl":{"start":{"line":444,"column":12},"end":{"line":444,"column":20}},"loc":{"start":{"line":444,"column":41},"end":{"line":463,"column":5}}},"40":{"name":"(anonymous_40)","decl":{"start":{"line":447,"column":39},"end":{"line":447,"column":40}},"loc":{"start":{"line":447,"column":52},"end":{"line":451,"column":9}}},"41":{"name":"(anonymous_41)","decl":{"start":{"line":456,"column":19},"end":{"line":456,"column":27}},"loc":{"start":{"line":456,"column":54},"end":{"line":460,"column":9}}},"42":{"name":"(anonymous_42)","decl":{"start":{"line":476,"column":12},"end":{"line":476,"column":19}},"loc":{"start":{"line":476,"column":32},"end":{"line":501,"column":5}}},"43":{"name":"(anonymous_43)","decl":{"start":{"line":507,"column":12},"end":{"line":507,"column":14}},"loc":{"start":{"line":507,"column":44},"end":{"line":512,"column":5}}},"44":{"name":"(anonymous_44)","decl":{"start":{"line":524,"column":12},"end":{"line":524,"column":17}},"loc":{"start":{"line":524,"column":46},"end":{"line":534,"column":5}}},"45":{"name":"(anonymous_45)","decl":{"start":{"line":543,"column":12},"end":{"line":543,"column":18}},"loc":{"start":{"line":543,"column":44},"end":{"line":564,"column":6}}}},"branchMap":{"0":{"loc":{"start":{"line":90,"column":15},"end":{"line":90,"column":19}},"type":"binary-expr","locations":[{"start":{"line":90,"column":15},"end":{"line":90,"column":19}},{"start":{"line":90,"column":23},"end":{"line":90,"column":27}}]},"1":{"loc":{"start":{"line":94,"column":49},"end":{"line":94,"column":53}},"type":"binary-expr","locations":[{"start":{"line":94,"column":49},"end":{"line":94,"column":53}},{"start":{"line":94,"column":55},"end":{"line":94,"column":64}}]},"2":{"loc":{"start":{"line":151,"column":8},"end":{"line":158,"column":9}},"type":"if","locations":[{"start":{"line":151,"column":8},"end":{"line":158,"column":9}},{"start":{"line":151,"column":8},"end":{"line":158,"column":9}}]},"3":{"loc":{"start":{"line":175,"column":8},"end":{"line":175,"column":73}},"type":"if","locations":[{"start":{"line":175,"column":8},"end":{"line":175,"column":73}},{"start":{"line":175,"column":8},"end":{"line":175,"column":73}}]},"4":{"loc":{"start":{"line":175,"column":12},"end":{"line":175,"column":15}},"type":"binary-expr","locations":[{"start":{"line":175,"column":12},"end":{"line":175,"column":15}},{"start":{"line":175,"column":21},"end":{"line":175,"column":44}}]},"5":{"loc":{"start":{"line":176,"column":8},"end":{"line":180,"column":9}},"type":"if","locations":[{"start":{"line":176,"column":8},"end":{"line":180,"column":9}},{"start":{"line":176,"column":8},"end":{"line":180,"column":9}}]},"6":{"loc":{"start":{"line":178,"column":46},"end":{"line":178,"column":89}},"type":"cond-expr","locations":[{"start":{"line":178,"column":46},"end":{"line":178,"column":89}},{"start":{"line":178,"column":101},"end":{"line":178,"column":112}}]},"7":{"loc":{"start":{"line":192,"column":8},"end":{"line":196,"column":9}},"type":"if","locations":[{"start":{"line":192,"column":8},"end":{"line":196,"column":9}},{"start":{"line":192,"column":8},"end":{"line":196,"column":9}}]},"8":{"loc":{"start":{"line":207,"column":8},"end":{"line":207,"column":37}},"type":"if","locations":[{"start":{"line":207,"column":8},"end":{"line":207,"column":37}},{"start":{"line":207,"column":8},"end":{"line":207,"column":37}}]},"9":{"loc":{"start":{"line":228,"column":21},"end":{"line":228,"column":39}},"type":"cond-expr","locations":[{"start":{"line":228,"column":21},"end":{"line":228,"column":39}},{"start":{"line":228,"column":42},"end":{"line":228,"column":56}}]},"10":{"loc":{"start":{"line":239,"column":8},"end":{"line":239,"column":56}},"type":"if","locations":[{"start":{"line":239,"column":8},"end":{"line":239,"column":56}},{"start":{"line":239,"column":8},"end":{"line":239,"column":56}}]},"11":{"loc":{"start":{"line":240,"column":8},"end":{"line":267,"column":9}},"type":"if","locations":[{"start":{"line":240,"column":8},"end":{"line":267,"column":9}},{"start":{"line":240,"column":8},"end":{"line":267,"column":9}}]},"12":{"loc":{"start":{"line":246,"column":12},"end":{"line":248,"column":13}},"type":"if","locations":[{"start":{"line":246,"column":12},"end":{"line":248,"column":13}},{"start":{"line":246,"column":12},"end":{"line":248,"column":13}}]},"13":{"loc":{"start":{"line":250,"column":16},"end":{"line":255,"column":26}},"type":"switch","locations":[{"start":{"line":250,"column":16},"end":{"line":255,"column":26}},{"start":{"line":256,"column":16},"end":{"line":265,"column":23}}]},"14":{"loc":{"start":{"line":253,"column":24},"end":{"line":253,"column":82}},"type":"if","locations":[{"start":{"line":253,"column":24},"end":{"line":253,"column":82}},{"start":{"line":253,"column":24},"end":{"line":253,"column":82}}]},"15":{"loc":{"start":{"line":259,"column":24},"end":{"line":259,"column":69}},"type":"if","locations":[{"start":{"line":259,"column":24},"end":{"line":259,"column":69}},{"start":{"line":259,"column":24},"end":{"line":259,"column":69}}]},"16":{"loc":{"start":{"line":260,"column":24},"end":{"line":260,"column":69}},"type":"if","locations":[{"start":{"line":260,"column":24},"end":{"line":260,"column":69}},{"start":{"line":260,"column":24},"end":{"line":260,"column":69}}]},"17":{"loc":{"start":{"line":261,"column":24},"end":{"line":264,"column":25}},"type":"if","locations":[{"start":{"line":261,"column":24},"end":{"line":264,"column":25}},{"start":{"line":261,"column":24},"end":{"line":264,"column":25}}]},"18":{"loc":{"start":{"line":261,"column":28},"end":{"line":261,"column":41}},"type":"binary-expr","locations":[{"start":{"line":261,"column":28},"end":{"line":261,"column":41}},{"start":{"line":261,"column":45},"end":{"line":261,"column":53}}]},"19":{"loc":{"start":{"line":262,"column":28},"end":{"line":263,"column":68}},"type":"if","locations":[{"start":{"line":262,"column":28},"end":{"line":263,"column":68}},{"start":{"line":262,"column":28},"end":{"line":263,"column":68}}]},"20":{"loc":{"start":{"line":263,"column":33},"end":{"line":263,"column":68}},"type":"if","locations":[{"start":{"line":263,"column":33},"end":{"line":263,"column":68}},{"start":{"line":263,"column":33},"end":{"line":263,"column":68}}]},"21":{"loc":{"start":{"line":274,"column":12},"end":{"line":276,"column":13}},"type":"if","locations":[{"start":{"line":274,"column":12},"end":{"line":276,"column":13}},{"start":{"line":274,"column":12},"end":{"line":276,"column":13}}]},"22":{"loc":{"start":{"line":320,"column":8},"end":{"line":327,"column":9}},"type":"if","locations":[{"start":{"line":320,"column":8},"end":{"line":327,"column":9}},{"start":{"line":320,"column":8},"end":{"line":327,"column":9}}]},"23":{"loc":{"start":{"line":324,"column":12},"end":{"line":324,"column":90}},"type":"if","locations":[{"start":{"line":324,"column":12},"end":{"line":324,"column":90}},{"start":{"line":324,"column":12},"end":{"line":324,"column":90}}]},"24":{"loc":{"start":{"line":324,"column":73},"end":{"line":324,"column":74}},"type":"cond-expr","locations":[{"start":{"line":324,"column":73},"end":{"line":324,"column":74}},{"start":{"line":324,"column":76},"end":{"line":324,"column":86}}]},"25":{"loc":{"start":{"line":324,"column":82},"end":{"line":324,"column":84}},"type":"cond-expr","locations":[{"start":{"line":324,"column":82},"end":{"line":324,"column":84}},{"start":{"line":324,"column":85},"end":{"line":324,"column":86}}]},"26":{"loc":{"start":{"line":325,"column":12},"end":{"line":325,"column":90}},"type":"if","locations":[{"start":{"line":325,"column":12},"end":{"line":325,"column":90}},{"start":{"line":325,"column":12},"end":{"line":325,"column":90}}]},"27":{"loc":{"start":{"line":325,"column":73},"end":{"line":325,"column":74}},"type":"cond-expr","locations":[{"start":{"line":325,"column":73},"end":{"line":325,"column":74}},{"start":{"line":325,"column":76},"end":{"line":325,"column":86}}]},"28":{"loc":{"start":{"line":325,"column":82},"end":{"line":325,"column":84}},"type":"cond-expr","locations":[{"start":{"line":325,"column":82},"end":{"line":325,"column":84}},{"start":{"line":325,"column":85},"end":{"line":325,"column":86}}]},"29":{"loc":{"start":{"line":382,"column":16},"end":{"line":382,"column":56}},"type":"switch","locations":[{"start":{"line":382,"column":16},"end":{"line":382,"column":56}},{"start":{"line":383,"column":16},"end":{"line":383,"column":50}},{"start":{"line":384,"column":16},"end":{"line":384,"column":60}}]},"30":{"loc":{"start":{"line":390,"column":23},"end":{"line":390,"column":42}},"type":"cond-expr","locations":[{"start":{"line":390,"column":23},"end":{"line":390,"column":42}},{"start":{"line":390,"column":45},"end":{"line":390,"column":54}}]},"31":{"loc":{"start":{"line":394,"column":16},"end":{"line":398,"column":17}},"type":"if","locations":[{"start":{"line":394,"column":16},"end":{"line":398,"column":17}},{"start":{"line":394,"column":16},"end":{"line":398,"column":17}}]},"32":{"loc":{"start":{"line":414,"column":8},"end":{"line":414,"column":43}},"type":"if","locations":[{"start":{"line":414,"column":8},"end":{"line":414,"column":43}},{"start":{"line":414,"column":8},"end":{"line":414,"column":43}}]},"33":{"loc":{"start":{"line":415,"column":8},"end":{"line":415,"column":50}},"type":"if","locations":[{"start":{"line":415,"column":8},"end":{"line":415,"column":50}},{"start":{"line":415,"column":8},"end":{"line":415,"column":50}}]},"34":{"loc":{"start":{"line":429,"column":61},"end":{"line":429,"column":65}},"type":"default-arg","locations":[{"start":{"line":429,"column":61},"end":{"line":429,"column":65}}]},"35":{"loc":{"start":{"line":454,"column":12},"end":{"line":454,"column":49}},"type":"if","locations":[{"start":{"line":454,"column":12},"end":{"line":454,"column":49}},{"start":{"line":454,"column":12},"end":{"line":454,"column":49}}]},"36":{"loc":{"start":{"line":457,"column":12},"end":{"line":457,"column":62}},"type":"if","locations":[{"start":{"line":457,"column":12},"end":{"line":457,"column":62}},{"start":{"line":457,"column":12},"end":{"line":457,"column":62}}]},"37":{"loc":{"start":{"line":457,"column":16},"end":{"line":457,"column":35}},"type":"binary-expr","locations":[{"start":{"line":457,"column":16},"end":{"line":457,"column":35}},{"start":{"line":457,"column":37},"end":{"line":457,"column":46}}]},"38":{"loc":{"start":{"line":458,"column":12},"end":{"line":458,"column":61}},"type":"if","locations":[{"start":{"line":458,"column":12},"end":{"line":458,"column":61}},{"start":{"line":458,"column":12},"end":{"line":458,"column":61}}]},"39":{"loc":{"start":{"line":458,"column":16},"end":{"line":458,"column":35}},"type":"binary-expr","locations":[{"start":{"line":458,"column":16},"end":{"line":458,"column":35}},{"start":{"line":458,"column":37},"end":{"line":458,"column":46}}]},"40":{"loc":{"start":{"line":477,"column":8},"end":{"line":499,"column":9}},"type":"if","locations":[{"start":{"line":477,"column":8},"end":{"line":499,"column":9}},{"start":{"line":477,"column":8},"end":{"line":499,"column":9}}]},"41":{"loc":{"start":{"line":477,"column":12},"end":{"line":477,"column":15}},"type":"binary-expr","locations":[{"start":{"line":477,"column":12},"end":{"line":477,"column":15}},{"start":{"line":477,"column":19},"end":{"line":477,"column":27}}]},"42":{"loc":{"start":{"line":478,"column":12},"end":{"line":478,"column":63}},"type":"if","locations":[{"start":{"line":478,"column":12},"end":{"line":478,"column":63}},{"start":{"line":478,"column":12},"end":{"line":478,"column":63}}]},"43":{"loc":{"start":{"line":479,"column":12},"end":{"line":479,"column":69}},"type":"if","locations":[{"start":{"line":479,"column":12},"end":{"line":479,"column":69}},{"start":{"line":479,"column":12},"end":{"line":479,"column":69}}]},"44":{"loc":{"start":{"line":483,"column":12},"end":{"line":483,"column":107}},"type":"if","locations":[{"start":{"line":483,"column":12},"end":{"line":483,"column":107}},{"start":{"line":483,"column":12},"end":{"line":483,"column":107}}]},"45":{"loc":{"start":{"line":484,"column":12},"end":{"line":484,"column":109}},"type":"if","locations":[{"start":{"line":484,"column":12},"end":{"line":484,"column":109}},{"start":{"line":484,"column":12},"end":{"line":484,"column":109}}]},"46":{"loc":{"start":{"line":484,"column":16},"end":{"line":484,"column":38}},"type":"binary-expr","locations":[{"start":{"line":484,"column":16},"end":{"line":484,"column":38}},{"start":{"line":484,"column":42},"end":{"line":484,"column":77}}]},"47":{"loc":{"start":{"line":485,"column":12},"end":{"line":485,"column":108}},"type":"if","locations":[{"start":{"line":485,"column":12},"end":{"line":485,"column":108}},{"start":{"line":485,"column":12},"end":{"line":485,"column":108}}]},"48":{"loc":{"start":{"line":485,"column":16},"end":{"line":485,"column":36}},"type":"binary-expr","locations":[{"start":{"line":485,"column":16},"end":{"line":485,"column":36}},{"start":{"line":485,"column":40},"end":{"line":485,"column":66}}]},"49":{"loc":{"start":{"line":486,"column":12},"end":{"line":486,"column":104}},"type":"if","locations":[{"start":{"line":486,"column":12},"end":{"line":486,"column":104}},{"start":{"line":486,"column":12},"end":{"line":486,"column":104}}]},"50":{"loc":{"start":{"line":489,"column":12},"end":{"line":493,"column":13}},"type":"if","locations":[{"start":{"line":489,"column":12},"end":{"line":493,"column":13}},{"start":{"line":489,"column":12},"end":{"line":493,"column":13}}]},"51":{"loc":{"start":{"line":490,"column":16},"end":{"line":492,"column":17}},"type":"if","locations":[{"start":{"line":490,"column":16},"end":{"line":492,"column":17}},{"start":{"line":490,"column":16},"end":{"line":492,"column":17}}]},"52":{"loc":{"start":{"line":495,"column":16},"end":{"line":495,"column":35}},"type":"switch","locations":[{"start":{"line":495,"column":16},"end":{"line":495,"column":35}},{"start":{"line":496,"column":16},"end":{"line":496,"column":36}},{"start":{"line":497,"column":16},"end":{"line":497,"column":69}}]},"53":{"loc":{"start":{"line":497,"column":25},"end":{"line":497,"column":69}},"type":"if","locations":[{"start":{"line":497,"column":25},"end":{"line":497,"column":69}},{"start":{"line":497,"column":25},"end":{"line":497,"column":69}}]},"54":{"loc":{"start":{"line":524,"column":42},"end":{"line":524,"column":46}},"type":"default-arg","locations":[{"start":{"line":524,"column":42},"end":{"line":524,"column":46}}]},"55":{"loc":{"start":{"line":526,"column":8},"end":{"line":527,"column":63}},"type":"if","locations":[{"start":{"line":526,"column":8},"end":{"line":527,"column":63}},{"start":{"line":526,"column":8},"end":{"line":527,"column":63}}]},"56":{"loc":{"start":{"line":529,"column":8},"end":{"line":532,"column":9}},"type":"if","locations":[{"start":{"line":529,"column":8},"end":{"line":532,"column":9}},{"start":{"line":529,"column":8},"end":{"line":532,"column":9}}]},"57":{"loc":{"start":{"line":531,"column":45},"end":{"line":531,"column":51}},"type":"cond-expr","locations":[{"start":{"line":531,"column":45},"end":{"line":531,"column":51}},{"start":{"line":531,"column":54},"end":{"line":531,"column":56}}]},"58":{"loc":{"start":{"line":545,"column":12},"end":{"line":548,"column":34}},"type":"switch","locations":[{"start":{"line":545,"column":12},"end":{"line":548,"column":34}},{"start":{"line":549,"column":12},"end":{"line":554,"column":34}},{"start":{"line":555,"column":12},"end":{"line":556,"column":89}},{"start":{"line":558,"column":12},"end":{"line":560,"column":34}},{"start":{"line":561,"column":12},"end":{"line":561,"column":41}}]},"59":{"loc":{"start":{"line":545,"column":36},"end":{"line":545,"column":76}},"type":"if","locations":[{"start":{"line":545,"column":36},"end":{"line":545,"column":76}},{"start":{"line":545,"column":36},"end":{"line":545,"column":76}}]},"60":{"loc":{"start":{"line":547,"column":28},"end":{"line":547,"column":69}},"type":"if","locations":[{"start":{"line":547,"column":28},"end":{"line":547,"column":69}},{"start":{"line":547,"column":28},"end":{"line":547,"column":69}}]},"61":{"loc":{"start":{"line":549,"column":36},"end":{"line":552,"column":29}},"type":"if","locations":[{"start":{"line":549,"column":36},"end":{"line":552,"column":29}},{"start":{"line":549,"column":36},"end":{"line":552,"column":29}}]},"62":{"loc":{"start":{"line":551,"column":67},"end":{"line":551,"column":74}},"type":"cond-expr","locations":[{"start":{"line":551,"column":67},"end":{"line":551,"column":74}},{"start":{"line":551,"column":77},"end":{"line":551,"column":80}}]},"63":{"loc":{"start":{"line":553,"column":28},"end":{"line":553,"column":67}},"type":"if","locations":[{"start":{"line":553,"column":28},"end":{"line":553,"column":67}},{"start":{"line":553,"column":28},"end":{"line":553,"column":67}}]},"64":{"loc":{"start":{"line":556,"column":16},"end":{"line":556,"column":89}},"type":"if","locations":[{"start":{"line":556,"column":16},"end":{"line":556,"column":89}},{"start":{"line":556,"column":16},"end":{"line":556,"column":89}}]},"65":{"loc":{"start":{"line":558,"column":36},"end":{"line":558,"column":91}},"type":"if","locations":[{"start":{"line":558,"column":36},"end":{"line":558,"column":91}},{"start":{"line":558,"column":36},"end":{"line":558,"column":91}}]},"66":{"loc":{"start":{"line":559,"column":28},"end":{"line":559,"column":67}},"type":"if","locations":[{"start":{"line":559,"column":28},"end":{"line":559,"column":67}},{"start":{"line":559,"column":28},"end":{"line":559,"column":67}}]}},"s":{"0":2,"1":109,"2":109,"3":109,"4":1,"5":1,"6":1,"7":1,"8":4,"9":1,"10":66,"11":109,"12":109,"13":1,"14":85,"15":13,"16":13,"17":52,"18":615,"19":615,"20":614,"21":614,"22":614,"23":614,"24":614,"25":614,"26":615,"27":2,"28":2,"29":2,"30":1,"31":2,"32":2,"33":8,"34":2,"35":887,"36":887,"37":2,"38":885,"39":885,"40":4,"41":4,"42":1,"43":3,"44":3,"45":71,"46":387,"47":11,"48":11,"49":5,"50":4,"51":5,"52":1,"53":1,"54":4,"55":4,"56":4,"57":0,"58":4,"59":2,"60":8,"61":8,"62":8,"63":2,"64":2,"65":8,"66":8,"67":1,"68":8,"69":1,"70":8,"71":8,"72":1,"73":7,"74":2,"75":5,"76":109,"77":612,"78":612,"79":612,"80":1764,"81":612,"82":62,"83":5,"84":5,"85":1,"86":4,"87":4,"88":2,"89":11,"90":4,"91":1,"92":5,"93":4,"94":19,"95":5,"96":4,"97":4,"98":4,"99":1,"100":1,"101":4,"102":4,"103":4,"104":1,"105":1,"106":1,"107":1,"108":2,"109":4,"110":4,"111":4,"112":4,"113":16,"114":12,"115":4,"116":16,"117":4,"118":2131,"119":0,"120":2131,"121":619,"122":1512,"123":1512,"124":109,"125":109,"126":109,"127":612,"128":109,"129":612,"130":109,"131":612,"132":612,"133":612,"134":3060,"135":3060,"136":3060,"137":612,"138":1764,"139":1764,"140":1764,"141":612,"142":2870,"143":0,"144":2870,"145":126,"146":2744,"147":612,"148":612,"149":1764,"150":1764,"151":270,"152":1494,"153":335,"154":1159,"155":1159,"156":172,"157":987,"158":168,"159":819,"160":168,"161":651,"162":344,"163":307,"164":0,"165":0,"166":307,"167":0,"168":0,"169":307,"170":307,"171":0,"172":612,"173":612,"174":1764,"175":995,"176":0,"177":995,"178":995,"179":995,"180":0,"181":0,"182":995,"183":1764,"184":614,"185":270,"186":344,"187":344,"188":0,"189":344,"190":168,"191":168,"192":168,"193":168,"194":0,"195":168,"196":168,"197":168,"198":675,"199":340,"200":675,"201":0,"202":675,"203":307,"204":1494,"205":2,"206":2},"f":{"0":109,"1":1,"2":1,"3":4,"4":66,"5":109,"6":1,"7":85,"8":13,"9":52,"10":615,"11":2,"12":8,"13":887,"14":4,"15":71,"16":387,"17":11,"18":5,"19":8,"20":8,"21":109,"22":612,"23":1764,"24":62,"25":5,"26":11,"27":5,"28":19,"29":4,"30":4,"31":1,"32":4,"33":4,"34":16,"35":2131,"36":109,"37":612,"38":612,"39":612,"40":3060,"41":2870,"42":1764,"43":612,"44":995,"45":1764},"b":{"0":[1,0],"1":[1,1],"2":[614,1],"3":[1,1],"4":[2,1],"5":[2,0],"6":[4,4],"7":[2,885],"8":[1,3],"9":[10,1],"10":[4,1],"11":[1,4],"12":[0,4],"13":[2,2],"14":[8,0],"15":[1,7],"16":[1,7],"17":[8,0],"18":[8,8],"19":[1,7],"20":[2,5],"21":[612,0],"22":[1,4],"23":[2,2],"24":[8,3],"25":[3,0],"26":[1,3],"27":[2,3],"28":[3,0],"29":[1,1,2],"30":[3,1],"31":[12,4],"32":[0,2131],"33":[619,1512],"34":[109],"35":[1764,0],"36":[0,2870],"37":[2870,570],"38":[126,2744],"39":[2870,696],"40":[1764,0],"41":[1764,1764],"42":[270,1494],"43":[335,1159],"44":[172,987],"45":[168,819],"46":[987,168],"47":[168,651],"48":[819,168],"49":[344,307],"50":[0,307],"51":[0,0],"52":[0,0,307],"53":[307,0],"54":[995],"55":[0,995],"56":[0,995],"57":[0,0],"58":[614,168,168,675,307],"59":[270,344],"60":[0,344],"61":[168,0],"62":[168,0],"63":[0,168],"64":[168,0],"65":[340,335],"66":[0,675]}}
,"/Users/sth1pal/Documents/Development/JavaScript/nodejs/ts6/dev/hsLibs/standalone/hsDatab/src/DataFilters.ts": {"path":"/Users/sth1pal/Documents/Development/JavaScript/nodejs/ts6/dev/hsLibs/standalone/hsDatab/src/DataFilters.ts","statementMap":{"0":{"start":{"line":124,"column":0},"end":{"line":127,"column":15}},"1":{"start":{"line":155,"column":16},"end":{"line":155,"column":31}},"2":{"start":{"line":156,"column":27},"end":{"line":156,"column":52}},"3":{"start":{"line":157,"column":24},"end":{"line":157,"column":77}},"4":{"start":{"line":158,"column":4},"end":{"line":170,"column":5}},"5":{"start":{"line":159,"column":8},"end":{"line":159,"column":101}},"6":{"start":{"line":160,"column":8},"end":{"line":160,"column":25}},"7":{"start":{"line":161,"column":8},"end":{"line":161,"column":21}},"8":{"start":{"line":162,"column":11},"end":{"line":170,"column":5}},"9":{"start":{"line":164,"column":8},"end":{"line":164,"column":34}},"10":{"start":{"line":165,"column":11},"end":{"line":170,"column":5}},"11":{"start":{"line":167,"column":8},"end":{"line":167,"column":73}},"12":{"start":{"line":167,"column":57},"end":{"line":167,"column":71}},"13":{"start":{"line":169,"column":8},"end":{"line":169,"column":34}},"14":{"start":{"line":181,"column":19},"end":{"line":181,"column":24}},"15":{"start":{"line":182,"column":19},"end":{"line":182,"column":23}},"16":{"start":{"line":184,"column":4},"end":{"line":224,"column":5}},"17":{"start":{"line":184,"column":33},"end":{"line":184,"column":45}},"18":{"start":{"line":187,"column":9},"end":{"line":224,"column":5}},"19":{"start":{"line":187,"column":46},"end":{"line":187,"column":71}},"20":{"start":{"line":190,"column":9},"end":{"line":224,"column":5}},"21":{"start":{"line":192,"column":35},"end":{"line":192,"column":44}},"22":{"start":{"line":195,"column":8},"end":{"line":220,"column":9}},"23":{"start":{"line":196,"column":12},"end":{"line":196,"column":51}},"24":{"start":{"line":196,"column":37},"end":{"line":196,"column":49}},"25":{"start":{"line":197,"column":12},"end":{"line":197,"column":50}},"26":{"start":{"line":197,"column":35},"end":{"line":197,"column":48}},"27":{"start":{"line":199,"column":12},"end":{"line":201,"column":91}},"28":{"start":{"line":200,"column":46},"end":{"line":200,"column":90}},"29":{"start":{"line":201,"column":45},"end":{"line":201,"column":89}},"30":{"start":{"line":205,"column":12},"end":{"line":205,"column":50}},"31":{"start":{"line":205,"column":37},"end":{"line":205,"column":48}},"32":{"start":{"line":206,"column":12},"end":{"line":219,"column":13}},"33":{"start":{"line":207,"column":35},"end":{"line":207,"column":38}},"34":{"start":{"line":208,"column":49},"end":{"line":208,"column":58}},"35":{"start":{"line":211,"column":16},"end":{"line":216,"column":17}},"36":{"start":{"line":212,"column":32},"end":{"line":212,"column":102}},"37":{"start":{"line":212,"column":103},"end":{"line":212,"column":109}},"38":{"start":{"line":213,"column":32},"end":{"line":213,"column":102}},"39":{"start":{"line":213,"column":103},"end":{"line":213,"column":109}},"40":{"start":{"line":214,"column":32},"end":{"line":214,"column":97}},"41":{"start":{"line":214,"column":98},"end":{"line":214,"column":104}},"42":{"start":{"line":215,"column":32},"end":{"line":215,"column":111}},"43":{"start":{"line":217,"column":16},"end":{"line":218,"column":75}},"44":{"start":{"line":217,"column":36},"end":{"line":217,"column":53}},"45":{"start":{"line":217,"column":55},"end":{"line":217,"column":74}},"46":{"start":{"line":217,"column":66},"end":{"line":217,"column":72}},"47":{"start":{"line":218,"column":36},"end":{"line":218,"column":54}},"48":{"start":{"line":218,"column":55},"end":{"line":218,"column":74}},"49":{"start":{"line":218,"column":66},"end":{"line":218,"column":72}},"50":{"start":{"line":222,"column":8},"end":{"line":222,"column":78}},"51":{"start":{"line":223,"column":8},"end":{"line":223,"column":21}},"52":{"start":{"line":225,"column":4},"end":{"line":225,"column":37}},"53":{"start":{"line":236,"column":22},"end":{"line":236,"column":66}},"54":{"start":{"line":236,"column":46},"end":{"line":236,"column":66}},"55":{"start":{"line":237,"column":4},"end":{"line":249,"column":5}},"56":{"start":{"line":238,"column":8},"end":{"line":245,"column":11}},"57":{"start":{"line":242,"column":29},"end":{"line":242,"column":70}},"58":{"start":{"line":243,"column":16},"end":{"line":243,"column":28}},"59":{"start":{"line":247,"column":8},"end":{"line":247,"column":25}},"60":{"start":{"line":248,"column":8},"end":{"line":248,"column":31}},"61":{"start":{"line":235,"column":0},"end":{"line":250,"column":1}}},"fnMap":{"0":{"name":"resolveTerminalCondition","decl":{"start":{"line":154,"column":9},"end":{"line":154,"column":33}},"loc":{"start":{"line":154,"column":100},"end":{"line":171,"column":1}}},"1":{"name":"(anonymous_1)","decl":{"start":{"line":167,"column":46},"end":{"line":167,"column":47}},"loc":{"start":{"line":167,"column":57},"end":{"line":167,"column":71}}},"2":{"name":"resolveCondition","decl":{"start":{"line":180,"column":9},"end":{"line":180,"column":25}},"loc":{"start":{"line":180,"column":115},"end":{"line":226,"column":1}}},"3":{"name":"(anonymous_3)","decl":{"start":{"line":200,"column":25},"end":{"line":200,"column":26}},"loc":{"start":{"line":200,"column":46},"end":{"line":200,"column":90}}},"4":{"name":"(anonymous_4)","decl":{"start":{"line":201,"column":24},"end":{"line":201,"column":25}},"loc":{"start":{"line":201,"column":45},"end":{"line":201,"column":89}}},"5":{"name":"filter","decl":{"start":{"line":235,"column":16},"end":{"line":235,"column":22}},"loc":{"start":{"line":235,"column":48},"end":{"line":250,"column":1}}},"6":{"name":"(anonymous_6)","decl":{"start":{"line":236,"column":22},"end":{"line":236,"column":23}},"loc":{"start":{"line":236,"column":46},"end":{"line":236,"column":66}}},"7":{"name":"(anonymous_7)","decl":{"start":{"line":241,"column":39},"end":{"line":241,"column":40}},"loc":{"start":{"line":241,"column":65},"end":{"line":244,"column":13}}}},"branchMap":{"0":{"loc":{"start":{"line":157,"column":25},"end":{"line":157,"column":48}},"type":"binary-expr","locations":[{"start":{"line":157,"column":25},"end":{"line":157,"column":48}},{"start":{"line":157,"column":54},"end":{"line":157,"column":76}}]},"1":{"loc":{"start":{"line":158,"column":4},"end":{"line":170,"column":5}},"type":"if","locations":[{"start":{"line":158,"column":4},"end":{"line":170,"column":5}},{"start":{"line":158,"column":4},"end":{"line":170,"column":5}}]},"2":{"loc":{"start":{"line":162,"column":11},"end":{"line":170,"column":5}},"type":"if","locations":[{"start":{"line":162,"column":11},"end":{"line":170,"column":5}},{"start":{"line":162,"column":11},"end":{"line":170,"column":5}}]},"3":{"loc":{"start":{"line":165,"column":11},"end":{"line":170,"column":5}},"type":"if","locations":[{"start":{"line":165,"column":11},"end":{"line":170,"column":5}},{"start":{"line":165,"column":11},"end":{"line":170,"column":5}}]},"4":{"loc":{"start":{"line":167,"column":16},"end":{"line":167,"column":32}},"type":"binary-expr","locations":[{"start":{"line":167,"column":16},"end":{"line":167,"column":32}},{"start":{"line":167,"column":37},"end":{"line":167,"column":72}}]},"5":{"loc":{"start":{"line":184,"column":4},"end":{"line":224,"column":5}},"type":"if","locations":[{"start":{"line":184,"column":4},"end":{"line":224,"column":5}},{"start":{"line":184,"column":4},"end":{"line":224,"column":5}}]},"6":{"loc":{"start":{"line":187,"column":9},"end":{"line":224,"column":5}},"type":"if","locations":[{"start":{"line":187,"column":9},"end":{"line":224,"column":5}},{"start":{"line":187,"column":9},"end":{"line":224,"column":5}}]},"7":{"loc":{"start":{"line":190,"column":9},"end":{"line":224,"column":5}},"type":"if","locations":[{"start":{"line":190,"column":9},"end":{"line":224,"column":5}},{"start":{"line":190,"column":9},"end":{"line":224,"column":5}}]},"8":{"loc":{"start":{"line":195,"column":8},"end":{"line":220,"column":9}},"type":"if","locations":[{"start":{"line":195,"column":8},"end":{"line":220,"column":9}},{"start":{"line":195,"column":8},"end":{"line":220,"column":9}}]},"9":{"loc":{"start":{"line":196,"column":12},"end":{"line":196,"column":51}},"type":"if","locations":[{"start":{"line":196,"column":12},"end":{"line":196,"column":51}},{"start":{"line":196,"column":12},"end":{"line":196,"column":51}}]},"10":{"loc":{"start":{"line":197,"column":12},"end":{"line":197,"column":50}},"type":"if","locations":[{"start":{"line":197,"column":12},"end":{"line":197,"column":50}},{"start":{"line":197,"column":12},"end":{"line":197,"column":50}}]},"11":{"loc":{"start":{"line":200,"column":16},"end":{"line":200,"column":91}},"type":"cond-expr","locations":[{"start":{"line":200,"column":16},"end":{"line":200,"column":91}},{"start":{"line":201,"column":16},"end":{"line":201,"column":90}}]},"12":{"loc":{"start":{"line":205,"column":12},"end":{"line":205,"column":50}},"type":"if","locations":[{"start":{"line":205,"column":12},"end":{"line":205,"column":50}},{"start":{"line":205,"column":12},"end":{"line":205,"column":50}}]},"13":{"loc":{"start":{"line":212,"column":20},"end":{"line":212,"column":109}},"type":"switch","locations":[{"start":{"line":212,"column":20},"end":{"line":212,"column":109}},{"start":{"line":213,"column":20},"end":{"line":213,"column":109}},{"start":{"line":214,"column":20},"end":{"line":214,"column":104}},{"start":{"line":215,"column":20},"end":{"line":215,"column":111}}]},"14":{"loc":{"start":{"line":217,"column":16},"end":{"line":218,"column":75}},"type":"if","locations":[{"start":{"line":217,"column":16},"end":{"line":218,"column":75}},{"start":{"line":217,"column":16},"end":{"line":218,"column":75}}]},"15":{"loc":{"start":{"line":217,"column":55},"end":{"line":217,"column":74}},"type":"if","locations":[{"start":{"line":217,"column":55},"end":{"line":217,"column":74}},{"start":{"line":217,"column":55},"end":{"line":217,"column":74}}]},"16":{"loc":{"start":{"line":218,"column":55},"end":{"line":218,"column":74}},"type":"if","locations":[{"start":{"line":218,"column":55},"end":{"line":218,"column":74}},{"start":{"line":218,"column":55},"end":{"line":218,"column":74}}]},"17":{"loc":{"start":{"line":225,"column":16},"end":{"line":225,"column":25}},"type":"cond-expr","locations":[{"start":{"line":225,"column":16},"end":{"line":225,"column":25}},{"start":{"line":225,"column":28},"end":{"line":225,"column":36}}]}},"s":{"0":2,"1":247,"2":247,"3":247,"4":247,"5":0,"6":0,"7":0,"8":247,"9":4,"10":243,"11":172,"12":301,"13":71,"14":322,"15":322,"16":322,"17":4,"18":318,"19":11,"20":307,"21":307,"22":307,"23":28,"24":16,"25":28,"26":4,"27":24,"28":10,"29":28,"30":279,"31":236,"32":279,"33":283,"34":283,"35":283,"36":8,"37":8,"38":16,"39":16,"40":12,"41":12,"42":247,"43":283,"44":124,"45":124,"46":8,"47":159,"48":159,"49":139,"50":0,"51":0,"52":279,"53":62,"54":247,"55":62,"56":62,"57":248,"58":248,"59":0,"60":0,"61":2},"f":{"0":247,"1":301,"2":322,"3":10,"4":28,"5":62,"6":247,"7":248},"b":{"0":[247,172],"1":[0,247],"2":[4,243],"3":[172,71],"4":[172,172],"5":[4,318],"6":[11,307],"7":[307,0],"8":[28,279],"9":[16,12],"10":[4,24],"11":[8,16],"12":[236,43],"13":[8,16,12,247],"14":[124,159],"15":[8,116],"16":[139,20],"17":[254,25]}}
,"/Users/sth1pal/Documents/Development/JavaScript/nodejs/ts6/dev/hsLibs/standalone/hsDatab/src/index.ts": {"path":"/Users/sth1pal/Documents/Development/JavaScript/nodejs/ts6/dev/hsLibs/standalone/hsDatab/src/index.ts","statementMap":{"0":{"start":{"line":1,"column":0},"end":{"line":10,"column":29}},"1":{"start":{"line":1,"column":9},"end":{"line":1,"column":17}},"2":{"start":{"line":2,"column":9},"end":{"line":2,"column":18}},"3":{"start":{"line":3,"column":9},"end":{"line":3,"column":19}},"4":{"start":{"line":4,"column":9},"end":{"line":4,"column":19}},"5":{"start":{"line":5,"column":9},"end":{"line":5,"column":15}},"6":{"start":{"line":6,"column":9},"end":{"line":6,"column":24}},"7":{"start":{"line":7,"column":9},"end":{"line":7,"column":16}},"8":{"start":{"line":8,"column":9},"end":{"line":8,"column":16}},"9":{"start":{"line":9,"column":9},"end":{"line":9,"column":16}},"10":{"start":{"line":12,"column":0},"end":{"line":12,"column":29}},"11":{"start":{"line":12,"column":9},"end":{"line":12,"column":13}},"12":{"start":{"line":13,"column":0},"end":{"line":13,"column":40}},"13":{"start":{"line":13,"column":9},"end":{"line":13,"column":18}}},"fnMap":{},"branchMap":{},"s":{"0":2,"1":2,"2":2,"3":2,"4":2,"5":2,"6":2,"7":2,"8":2,"9":2,"10":2,"11":2,"12":2,"13":2},"f":{},"b":{}}
}
