TN:
SF:/Users/sth1pal/Documents/Development/JavaScript/nodejs/ts6/dev/hsLibs/standalone/hsDatab/src/Data.ts
FN:97,(anonymous_0)
FN:89,(anonymous_1)
FN:92,(anonymous_2)
FN:93,(anonymous_3)
FN:104,(anonymous_4)
FN:112,(anonymous_5)
FN:120,(anonymous_6)
FN:130,(anonymous_7)
FN:138,(anonymous_8)
FN:140,(anonymous_9)
FN:149,(anonymous_10)
FN:172,(anonymous_11)
FN:177,(anonymous_12)
FN:190,(anonymous_13)
FN:205,(anonymous_14)
FN:216,(anonymous_15)
FN:217,(anonymous_16)
FN:226,(anonymous_17)
FN:238,(anonymous_18)
FN:251,(anonymous_19)
FN:257,(anonymous_20)
FN:271,(anonymous_21)
FN:272,(anonymous_22)
FN:275,(anonymous_23)
FN:288,(anonymous_24)
FN:318,(anonymous_25)
FN:324,(anonymous_26)
FN:325,(anonymous_27)
FN:326,(anonymous_28)
FN:373,(anonymous_29)
FN:374,(anonymous_30)
FN:375,(anonymous_31)
FN:377,(anonymous_32)
FN:379,getFn
FN:393,(anonymous_34)
FN:413,(anonymous_35)
FN:429,(anonymous_36)
FN:432,(anonymous_37)
FN:433,(anonymous_38)
FN:444,(anonymous_39)
FN:447,(anonymous_40)
FN:456,(anonymous_41)
FN:476,(anonymous_42)
FN:507,(anonymous_43)
FN:524,(anonymous_44)
FN:543,(anonymous_45)
FNF:46
FNH:46
FNDA:109,(anonymous_0)
FNDA:1,(anonymous_1)
FNDA:1,(anonymous_2)
FNDA:4,(anonymous_3)
FNDA:66,(anonymous_4)
FNDA:109,(anonymous_5)
FNDA:1,(anonymous_6)
FNDA:85,(anonymous_7)
FNDA:13,(anonymous_8)
FNDA:52,(anonymous_9)
FNDA:615,(anonymous_10)
FNDA:2,(anonymous_11)
FNDA:8,(anonymous_12)
FNDA:887,(anonymous_13)
FNDA:4,(anonymous_14)
FNDA:71,(anonymous_15)
FNDA:387,(anonymous_16)
FNDA:11,(anonymous_17)
FNDA:5,(anonymous_18)
FNDA:8,(anonymous_19)
FNDA:8,(anonymous_20)
FNDA:109,(anonymous_21)
FNDA:612,(anonymous_22)
FNDA:1764,(anonymous_23)
FNDA:62,(anonymous_24)
FNDA:5,(anonymous_25)
FNDA:11,(anonymous_26)
FNDA:5,(anonymous_27)
FNDA:19,(anonymous_28)
FNDA:4,(anonymous_29)
FNDA:4,(anonymous_30)
FNDA:1,(anonymous_31)
FNDA:4,(anonymous_32)
FNDA:4,getFn
FNDA:16,(anonymous_34)
FNDA:2131,(anonymous_35)
FNDA:109,(anonymous_36)
FNDA:612,(anonymous_37)
FNDA:612,(anonymous_38)
FNDA:612,(anonymous_39)
FNDA:3060,(anonymous_40)
FNDA:2870,(anonymous_41)
FNDA:1764,(anonymous_42)
FNDA:612,(anonymous_43)
FNDA:995,(anonymous_44)
FNDA:1764,(anonymous_45)
DA:5,2
DA:65,2
DA:69,2
DA:90,1
DA:91,1
DA:92,1
DA:93,4
DA:94,1
DA:98,109
DA:105,66
DA:113,109
DA:114,109
DA:121,1
DA:131,85
DA:139,13
DA:140,52
DA:150,615
DA:151,615
DA:152,614
DA:153,614
DA:154,614
DA:155,614
DA:156,614
DA:157,614
DA:159,615
DA:173,2
DA:174,2
DA:175,2
DA:176,2
DA:177,2
DA:178,8
DA:181,2
DA:191,887
DA:192,887
DA:194,885
DA:195,885
DA:206,4
DA:207,4
DA:208,3
DA:209,3
DA:217,387
DA:227,11
DA:228,11
DA:239,5
DA:240,5
DA:241,1
DA:242,1
DA:244,4
DA:245,4
DA:246,4
DA:247,0
DA:249,4
DA:251,2
DA:252,8
DA:253,8
DA:255,2
DA:257,2
DA:258,8
DA:259,8
DA:260,8
DA:261,8
DA:262,8
DA:263,7
DA:268,5
DA:272,109
DA:273,612
DA:274,612
DA:275,1764
DA:277,612
DA:289,62
DA:319,5
DA:320,5
DA:321,1
DA:323,4
DA:324,11
DA:325,5
DA:326,19
DA:328,5
DA:374,4
DA:375,4
DA:376,1
DA:377,4
DA:381,4
DA:382,1
DA:383,1
DA:384,2
DA:386,4
DA:389,4
DA:390,4
DA:391,4
DA:394,16
DA:395,12
DA:397,4
DA:399,16
DA:403,4
DA:409,109
DA:410,109
DA:414,2131
DA:415,2131
DA:416,1512
DA:417,1512
DA:430,109
DA:431,109
DA:432,612
DA:433,612
DA:434,109
DA:445,612
DA:446,612
DA:447,612
DA:448,3060
DA:449,3060
DA:450,3060
DA:452,612
DA:453,1764
DA:454,1764
DA:456,612
DA:457,2870
DA:458,2870
DA:459,2744
DA:461,612
DA:462,612
DA:477,1764
DA:478,1764
DA:479,1494
DA:482,1159
DA:483,1159
DA:484,987
DA:485,819
DA:486,651
DA:489,307
DA:490,0
DA:491,0
DA:494,307
DA:495,0
DA:496,0
DA:497,307
DA:500,0
DA:508,612
DA:509,612
DA:510,1764
DA:526,995
DA:527,995
DA:528,995
DA:529,995
DA:530,0
DA:531,0
DA:533,995
DA:544,1764
DA:545,614
DA:546,344
DA:547,344
DA:548,344
DA:549,168
DA:550,168
DA:551,168
DA:553,168
DA:554,168
DA:556,168
DA:558,675
DA:559,675
DA:560,675
DA:561,307
DA:563,1494
LF:163
LH:155
BRDA:90,0,0,1
BRDA:90,0,1,0
BRDA:94,1,0,1
BRDA:94,1,1,1
BRDA:151,2,0,614
BRDA:151,2,1,1
BRDA:175,3,0,1
BRDA:175,3,1,1
BRDA:175,4,0,2
BRDA:175,4,1,1
BRDA:176,5,0,2
BRDA:176,5,1,0
BRDA:178,6,0,4
BRDA:178,6,1,4
BRDA:192,7,0,2
BRDA:192,7,1,885
BRDA:207,8,0,1
BRDA:207,8,1,3
BRDA:228,9,0,10
BRDA:228,9,1,1
BRDA:239,10,0,4
BRDA:239,10,1,1
BRDA:240,11,0,1
BRDA:240,11,1,4
BRDA:246,12,0,0
BRDA:246,12,1,4
BRDA:250,13,0,2
BRDA:250,13,1,2
BRDA:253,14,0,8
BRDA:253,14,1,0
BRDA:259,15,0,1
BRDA:259,15,1,7
BRDA:260,16,0,1
BRDA:260,16,1,7
BRDA:261,17,0,8
BRDA:261,17,1,0
BRDA:261,18,0,8
BRDA:261,18,1,8
BRDA:262,19,0,1
BRDA:262,19,1,7
BRDA:263,20,0,2
BRDA:263,20,1,5
BRDA:274,21,0,612
BRDA:274,21,1,0
BRDA:320,22,0,1
BRDA:320,22,1,4
BRDA:324,23,0,2
BRDA:324,23,1,2
BRDA:324,24,0,8
BRDA:324,24,1,3
BRDA:324,25,0,3
BRDA:324,25,1,0
BRDA:325,26,0,1
BRDA:325,26,1,3
BRDA:325,27,0,2
BRDA:325,27,1,3
BRDA:325,28,0,3
BRDA:325,28,1,0
BRDA:382,29,0,1
BRDA:382,29,1,1
BRDA:382,29,2,2
BRDA:390,30,0,3
BRDA:390,30,1,1
BRDA:394,31,0,12
BRDA:394,31,1,4
BRDA:414,32,0,0
BRDA:414,32,1,2131
BRDA:415,33,0,619
BRDA:415,33,1,1512
BRDA:429,34,0,109
BRDA:454,35,0,1764
BRDA:454,35,1,0
BRDA:457,36,0,0
BRDA:457,36,1,2870
BRDA:457,37,0,2870
BRDA:457,37,1,570
BRDA:458,38,0,126
BRDA:458,38,1,2744
BRDA:458,39,0,2870
BRDA:458,39,1,696
BRDA:477,40,0,1764
BRDA:477,40,1,0
BRDA:477,41,0,1764
BRDA:477,41,1,1764
BRDA:478,42,0,270
BRDA:478,42,1,1494
BRDA:479,43,0,335
BRDA:479,43,1,1159
BRDA:483,44,0,172
BRDA:483,44,1,987
BRDA:484,45,0,168
BRDA:484,45,1,819
BRDA:484,46,0,987
BRDA:484,46,1,168
BRDA:485,47,0,168
BRDA:485,47,1,651
BRDA:485,48,0,819
BRDA:485,48,1,168
BRDA:486,49,0,344
BRDA:486,49,1,307
BRDA:489,50,0,0
BRDA:489,50,1,307
BRDA:490,51,0,0
BRDA:490,51,1,0
BRDA:495,52,0,0
BRDA:495,52,1,0
BRDA:495,52,2,307
BRDA:497,53,0,307
BRDA:497,53,1,0
BRDA:524,54,0,995
BRDA:526,55,0,0
BRDA:526,55,1,995
BRDA:529,56,0,0
BRDA:529,56,1,995
BRDA:531,57,0,0
BRDA:531,57,1,0
BRDA:545,58,0,614
BRDA:545,58,1,168
BRDA:545,58,2,168
BRDA:545,58,3,675
BRDA:545,58,4,307
BRDA:545,59,0,270
BRDA:545,59,1,344
BRDA:547,60,0,0
BRDA:547,60,1,344
BRDA:549,61,0,168
BRDA:549,61,1,0
BRDA:551,62,0,168
BRDA:551,62,1,0
BRDA:553,63,0,0
BRDA:553,63,1,168
BRDA:556,64,0,168
BRDA:556,64,1,0
BRDA:558,65,0,340
BRDA:558,65,1,335
BRDA:559,66,0,0
BRDA:559,66,1,675
BRF:137
BRH:109
end_of_record
TN:
SF:/Users/sth1pal/Documents/Development/JavaScript/nodejs/ts6/dev/hsLibs/standalone/hsDatab/src/DataFilters.ts
FN:154,resolveTerminalCondition
FN:167,(anonymous_1)
FN:180,resolveCondition
FN:200,(anonymous_3)
FN:201,(anonymous_4)
FN:235,filter
FN:236,(anonymous_6)
FN:241,(anonymous_7)
FNF:8
FNH:8
FNDA:247,resolveTerminalCondition
FNDA:301,(anonymous_1)
FNDA:322,resolveCondition
FNDA:10,(anonymous_3)
FNDA:28,(anonymous_4)
FNDA:62,filter
FNDA:247,(anonymous_6)
FNDA:248,(anonymous_7)
DA:124,2
DA:155,247
DA:156,247
DA:157,247
DA:158,247
DA:159,0
DA:160,0
DA:161,0
DA:162,247
DA:164,4
DA:165,243
DA:167,301
DA:169,71
DA:181,322
DA:182,322
DA:184,322
DA:187,318
DA:190,307
DA:192,307
DA:195,307
DA:196,28
DA:197,28
DA:199,24
DA:200,10
DA:201,28
DA:205,279
DA:206,279
DA:207,283
DA:208,283
DA:211,283
DA:212,8
DA:213,16
DA:214,12
DA:215,247
DA:217,283
DA:218,159
DA:222,0
DA:223,0
DA:225,279
DA:235,2
DA:236,247
DA:237,62
DA:238,62
DA:242,248
DA:243,248
DA:247,0
DA:248,0
LF:47
LH:40
BRDA:157,0,0,247
BRDA:157,0,1,172
BRDA:158,1,0,0
BRDA:158,1,1,247
BRDA:162,2,0,4
BRDA:162,2,1,243
BRDA:165,3,0,172
BRDA:165,3,1,71
BRDA:167,4,0,172
BRDA:167,4,1,172
BRDA:184,5,0,4
BRDA:184,5,1,318
BRDA:187,6,0,11
BRDA:187,6,1,307
BRDA:190,7,0,307
BRDA:190,7,1,0
BRDA:195,8,0,28
BRDA:195,8,1,279
BRDA:196,9,0,16
BRDA:196,9,1,12
BRDA:197,10,0,4
BRDA:197,10,1,24
BRDA:200,11,0,8
BRDA:200,11,1,16
BRDA:205,12,0,236
BRDA:205,12,1,43
BRDA:212,13,0,8
BRDA:212,13,1,16
BRDA:212,13,2,12
BRDA:212,13,3,247
BRDA:217,14,0,124
BRDA:217,14,1,159
BRDA:217,15,0,8
BRDA:217,15,1,116
BRDA:218,16,0,139
BRDA:218,16,1,20
BRDA:225,17,0,254
BRDA:225,17,1,25
BRF:38
BRH:36
end_of_record
TN:
SF:/Users/sth1pal/Documents/Development/JavaScript/nodejs/ts6/dev/hsLibs/standalone/hsDatab/src/index.ts
FNF:0
FNH:0
DA:1,2
DA:2,2
DA:3,2
DA:4,2
DA:5,2
DA:6,2
DA:7,2
DA:8,2
DA:9,2
DA:12,2
DA:13,2
LF:11
LH:11
BRF:0
BRH:0
end_of_record
