TN:
SF:/Users/sth1pal/Documents/Development/JavaScript/nodejs/ts6/dev/hsLibs/standalone/hsDatab/src/Data.ts
FN:97,(anonymous_0)
FN:89,(anonymous_1)
FN:92,(anonymous_2)
FN:93,(anonymous_3)
FN:104,(anonymous_4)
FN:112,(anonymous_5)
FN:120,(anonymous_6)
FN:130,(anonymous_7)
FN:138,(anonymous_8)
FN:140,(anonymous_9)
FN:149,(anonymous_10)
FN:172,(anonymous_11)
FN:179,(anonymous_12)
FN:191,(anonymous_13)
FN:206,(anonymous_14)
FN:217,(anonymous_15)
FN:218,(anonymous_16)
FN:227,(anonymous_17)
FN:239,(anonymous_18)
FN:249,(anonymous_19)
FN:255,(anonymous_20)
FN:266,(anonymous_21)
FN:280,(anonymous_22)
FN:281,(anonymous_23)
FN:284,(anonymous_24)
FN:297,(anonymous_25)
FN:327,(anonymous_26)
FN:333,(anonymous_27)
FN:334,(anonymous_28)
FN:335,(anonymous_29)
FN:382,(anonymous_30)
FN:383,(anonymous_31)
FN:384,(anonymous_32)
FN:386,(anonymous_33)
FN:388,getFn
FN:402,(anonymous_35)
FN:422,(anonymous_36)
FN:438,(anonymous_37)
FN:441,(anonymous_38)
FN:442,(anonymous_39)
FN:453,(anonymous_40)
FN:456,(anonymous_41)
FN:465,(anonymous_42)
FN:485,(anonymous_43)
FN:516,(anonymous_44)
FN:534,(anonymous_45)
FN:557,(anonymous_46)
FNF:47
FNH:47
FNDA:120,(anonymous_0)
FNDA:1,(anonymous_1)
FNDA:1,(anonymous_2)
FNDA:4,(anonymous_3)
FNDA:72,(anonymous_4)
FNDA:120,(anonymous_5)
FNDA:1,(anonymous_6)
FNDA:92,(anonymous_7)
FNDA:14,(anonymous_8)
FNDA:56,(anonymous_9)
FNDA:777,(anonymous_10)
FNDA:3,(anonymous_11)
FNDA:8,(anonymous_12)
FNDA:1082,(anonymous_13)
FNDA:4,(anonymous_14)
FNDA:77,(anonymous_15)
FNDA:477,(anonymous_16)
FNDA:18,(anonymous_17)
FNDA:12,(anonymous_18)
FNDA:8,(anonymous_19)
FNDA:20,(anonymous_20)
FNDA:16,(anonymous_21)
FNDA:120,(anonymous_22)
FNDA:774,(anonymous_23)
FNDA:2242,(anonymous_24)
FNDA:68,(anonymous_25)
FNDA:6,(anonymous_26)
FNDA:10,(anonymous_27)
FNDA:10,(anonymous_28)
FNDA:25,(anonymous_29)
FNDA:4,(anonymous_30)
FNDA:4,(anonymous_31)
FNDA:1,(anonymous_32)
FNDA:4,(anonymous_33)
FNDA:4,getFn
FNDA:16,(anonymous_35)
FNDA:2658,(anonymous_36)
FNDA:120,(anonymous_37)
FNDA:774,(anonymous_38)
FNDA:774,(anonymous_39)
FNDA:774,(anonymous_40)
FNDA:3870,(anonymous_41)
FNDA:3563,(anonymous_42)
FNDA:2242,(anonymous_43)
FNDA:774,(anonymous_44)
FNDA:1219,(anonymous_45)
FNDA:2242,(anonymous_46)
DA:5,2
DA:65,2
DA:69,2
DA:90,1
DA:91,1
DA:92,1
DA:93,4
DA:94,1
DA:98,120
DA:105,72
DA:113,120
DA:114,120
DA:121,1
DA:131,92
DA:139,14
DA:140,56
DA:150,777
DA:151,777
DA:152,776
DA:153,776
DA:154,776
DA:155,776
DA:156,776
DA:157,776
DA:159,777
DA:173,3
DA:174,3
DA:175,3
DA:176,2
DA:177,1
DA:179,2
DA:180,8
DA:182,2
DA:192,1082
DA:193,1082
DA:195,1080
DA:196,1080
DA:207,4
DA:208,4
DA:209,3
DA:210,3
DA:218,477
DA:228,18
DA:229,18
DA:240,12
DA:241,12
DA:242,1
DA:243,1
DA:245,11
DA:246,11
DA:247,11
DA:249,2
DA:250,8
DA:251,8
DA:253,2
DA:255,5
DA:256,20
DA:257,20
DA:258,20
DA:259,20
DA:260,20
DA:261,17
DA:264,5
DA:266,4
DA:267,16
DA:268,16
DA:269,16
DA:270,16
DA:271,16
DA:272,14
DA:277,12
DA:281,120
DA:282,774
DA:283,774
DA:284,2242
DA:286,774
DA:298,68
DA:328,6
DA:329,6
DA:330,1
DA:332,5
DA:333,10
DA:334,10
DA:335,25
DA:337,6
DA:383,4
DA:384,4
DA:385,1
DA:386,4
DA:390,4
DA:391,1
DA:392,1
DA:393,2
DA:395,4
DA:398,4
DA:399,4
DA:400,4
DA:403,16
DA:404,12
DA:406,4
DA:408,16
DA:412,4
DA:418,120
DA:419,120
DA:424,2658
DA:425,1876
DA:426,1876
DA:439,120
DA:440,120
DA:441,774
DA:442,774
DA:443,120
DA:454,774
DA:455,774
DA:456,774
DA:457,3870
DA:458,3870
DA:459,3870
DA:461,774
DA:462,2242
DA:463,2242
DA:465,774
DA:466,3563
DA:467,3563
DA:468,3422
DA:470,774
DA:471,774
DA:486,2242
DA:487,2038
DA:488,1748
DA:491,1383
DA:492,1383
DA:493,1144
DA:494,956
DA:495,815
DA:503,431
DA:504,47
DA:505,47
DA:506,337
DA:509,298
DA:517,774
DA:518,774
DA:519,2242
DA:536,1219
DA:538,1199
DA:539,1199
DA:540,768
DA:541,768
DA:542,674
DA:543,674
DA:547,1219
DA:558,2242
DA:559,2242
DA:560,674
DA:561,384
DA:562,384
DA:563,384
DA:564,188
DA:565,188
DA:566,188
DA:568,0
DA:570,188
DA:571,188
DA:573,188
DA:575,1043
DA:576,1043
DA:577,1043
DA:578,337
DA:580,1952
LF:169
LH:168
BRDA:90,0,0,1
BRDA:90,0,1,0
BRDA:94,1,0,1
BRDA:94,1,1,1
BRDA:151,2,0,776
BRDA:151,2,1,1
BRDA:175,3,0,2
BRDA:175,3,1,1
BRDA:176,4,0,1
BRDA:176,4,1,1
BRDA:180,5,0,4
BRDA:180,5,1,4
BRDA:193,6,0,2
BRDA:193,6,1,1080
BRDA:208,7,0,1
BRDA:208,7,1,3
BRDA:229,8,0,17
BRDA:229,8,1,1
BRDA:240,9,0,11
BRDA:240,9,1,1
BRDA:241,10,0,1
BRDA:241,10,1,11
BRDA:248,11,0,2
BRDA:248,11,1,5
BRDA:248,11,2,4
BRDA:251,12,0,8
BRDA:251,12,1,0
BRDA:257,13,0,5
BRDA:257,13,1,15
BRDA:258,14,0,5
BRDA:258,14,1,15
BRDA:259,15,0,20
BRDA:259,15,1,0
BRDA:259,16,0,20
BRDA:259,16,1,20
BRDA:260,17,0,3
BRDA:260,17,1,17
BRDA:261,18,0,8
BRDA:261,18,1,9
BRDA:268,19,0,3
BRDA:268,19,1,13
BRDA:269,20,0,3
BRDA:269,20,1,13
BRDA:270,21,0,16
BRDA:270,21,1,0
BRDA:270,22,0,16
BRDA:270,22,1,16
BRDA:271,23,0,2
BRDA:271,23,1,14
BRDA:272,24,0,5
BRDA:272,24,1,9
BRDA:283,25,0,774
BRDA:283,25,1,0
BRDA:329,26,0,1
BRDA:329,26,1,5
BRDA:333,27,0,2
BRDA:333,27,1,3
BRDA:333,28,0,7
BRDA:333,28,1,3
BRDA:333,29,0,2
BRDA:333,29,1,1
BRDA:334,30,0,2
BRDA:334,30,1,3
BRDA:334,31,0,5
BRDA:334,31,1,5
BRDA:334,32,0,4
BRDA:334,32,1,1
BRDA:391,33,0,1
BRDA:391,33,1,1
BRDA:391,33,2,2
BRDA:399,34,0,3
BRDA:399,34,1,1
BRDA:403,35,0,12
BRDA:403,35,1,4
BRDA:424,36,0,782
BRDA:424,36,1,1876
BRDA:438,37,0,120
BRDA:463,38,0,1944
BRDA:463,38,1,298
BRDA:466,39,0,0
BRDA:466,39,1,3563
BRDA:466,40,0,3563
BRDA:466,40,1,727
BRDA:467,41,0,141
BRDA:467,41,1,3422
BRDA:467,42,0,3563
BRDA:467,42,1,868
BRDA:486,43,0,2038
BRDA:486,43,1,204
BRDA:486,44,0,2242
BRDA:486,44,1,2038
BRDA:487,45,0,290
BRDA:487,45,1,1748
BRDA:488,46,0,365
BRDA:488,46,1,1383
BRDA:492,47,0,239
BRDA:492,47,1,1144
BRDA:493,48,0,188
BRDA:493,48,1,956
BRDA:493,49,0,1144
BRDA:493,49,1,188
BRDA:494,50,0,141
BRDA:494,50,1,815
BRDA:494,51,0,956
BRDA:494,51,1,141
BRDA:495,52,0,384
BRDA:495,52,1,431
BRDA:504,53,0,47
BRDA:504,53,1,47
BRDA:504,53,2,337
BRDA:506,54,0,337
BRDA:506,54,1,0
BRDA:534,55,0,1219
BRDA:536,56,0,20
BRDA:536,56,1,1199
BRDA:539,57,0,768
BRDA:539,57,1,431
BRDA:541,58,0,674
BRDA:541,58,1,94
BRDA:543,59,0,674
BRDA:543,59,1,0
BRDA:560,60,0,674
BRDA:560,60,1,188
BRDA:560,60,2,188
BRDA:560,60,3,1043
BRDA:560,60,4,337
BRDA:560,61,0,290
BRDA:560,61,1,384
BRDA:562,62,0,0
BRDA:562,62,1,384
BRDA:564,63,0,188
BRDA:564,63,1,0
BRDA:566,64,0,141
BRDA:566,64,1,47
BRDA:570,65,0,0
BRDA:570,65,1,188
BRDA:573,66,0,188
BRDA:573,66,1,0
BRDA:575,67,0,521
BRDA:575,67,1,522
BRDA:576,68,0,188
BRDA:576,68,1,855
BRF:142
BRH:130
end_of_record
TN:
SF:/Users/sth1pal/Documents/Development/JavaScript/nodejs/ts6/dev/hsLibs/standalone/hsDatab/src/DataFilters.ts
FN:154,resolveTerminalCondition
FN:168,(anonymous_1)
FN:181,resolveCondition
FN:201,(anonymous_3)
FN:202,(anonymous_4)
FN:236,filter
FN:237,(anonymous_6)
FN:242,(anonymous_7)
FNF:8
FNH:8
FNDA:271,resolveTerminalCondition
FNDA:336,(anonymous_1)
FNDA:346,resolveCondition
FNDA:10,(anonymous_3)
FNDA:28,(anonymous_4)
FNDA:68,filter
FNDA:271,(anonymous_6)
FNDA:272,(anonymous_7)
DA:124,2
DA:155,271
DA:156,271
DA:157,271
DA:158,271
DA:159,271
DA:160,0
DA:161,0
DA:162,0
DA:163,271
DA:165,4
DA:166,267
DA:168,336
DA:170,75
DA:182,346
DA:183,346
DA:185,346
DA:188,342
DA:191,331
DA:193,331
DA:196,331
DA:197,28
DA:198,28
DA:200,24
DA:201,10
DA:202,28
DA:206,303
DA:207,303
DA:208,307
DA:209,307
DA:212,307
DA:213,8
DA:214,16
DA:215,12
DA:216,271
DA:218,307
DA:219,173
DA:223,0
DA:224,0
DA:226,303
DA:236,2
DA:237,271
DA:238,68
DA:239,68
DA:243,272
DA:244,272
DA:248,0
DA:249,0
LF:48
LH:41
BRDA:157,0,0,271
BRDA:157,0,1,192
BRDA:159,1,0,0
BRDA:159,1,1,271
BRDA:163,2,0,4
BRDA:163,2,1,267
BRDA:166,3,0,192
BRDA:166,3,1,75
BRDA:168,4,0,192
BRDA:168,4,1,192
BRDA:185,5,0,4
BRDA:185,5,1,342
BRDA:188,6,0,11
BRDA:188,6,1,331
BRDA:191,7,0,331
BRDA:191,7,1,0
BRDA:196,8,0,28
BRDA:196,8,1,303
BRDA:197,9,0,16
BRDA:197,9,1,12
BRDA:198,10,0,4
BRDA:198,10,1,24
BRDA:201,11,0,8
BRDA:201,11,1,16
BRDA:206,12,0,260
BRDA:206,12,1,43
BRDA:213,13,0,8
BRDA:213,13,1,16
BRDA:213,13,2,12
BRDA:213,13,3,271
BRDA:218,14,0,134
BRDA:218,14,1,173
BRDA:218,15,0,8
BRDA:218,15,1,126
BRDA:219,16,0,153
BRDA:219,16,1,20
BRDA:226,17,0,278
BRDA:226,17,1,25
BRF:38
BRH:36
end_of_record
TN:
SF:/Users/sth1pal/Documents/Development/JavaScript/nodejs/ts6/dev/hsLibs/standalone/hsDatab/src/index.ts
FNF:0
FNH:0
DA:1,1
DA:2,1
DA:3,1
DA:4,1
DA:5,1
DA:6,1
DA:7,1
DA:8,1
DA:9,1
DA:12,1
DA:13,1
LF:11
LH:11
BRF:0
BRH:0
end_of_record
